<?xml version="1.0" encoding="UTF-8"?>
<coverage generated="1544282499542" clover="3.2.0">
  <project timestamp="1544282499542" name="All files">
    <metrics statements="395" coveredstatements="362" conditionals="90" coveredconditionals="69" methods="92" coveredmethods="82" elements="577" coveredelements="513" complexity="0" loc="395" ncloc="395" packages="7" files="19" classes="19">
      <package name="server">
        <metrics statements="20" coveredstatements="19" conditionals="0" coveredconditionals="0" methods="2" coveredmethods="1"/>
        <file name="router.js" path="/Users/fh/whats-next/server/router.js">
          <metrics statements="10" coveredstatements="10" conditionals="0" coveredconditionals="0" methods="1" coveredmethods="1"/>
          <line num="1" count="1" type="stmt"/>
          <line num="2" count="1" type="stmt"/>
          <line num="3" count="1" type="stmt"/>
          <line num="4" count="1" type="stmt"/>
          <line num="5" count="1" type="stmt"/>
          <line num="7" count="1" type="stmt"/>
          <line num="9" count="1" type="stmt"/>
          <line num="10" count="1" type="stmt"/>
          <line num="13" count="1" type="stmt"/>
          <line num="25" count="1" type="stmt"/>
        </file>
        <file name="server.js" path="/Users/fh/whats-next/server/server.js">
          <metrics statements="10" coveredstatements="9" conditionals="0" coveredconditionals="0" methods="1" coveredmethods="0"/>
          <line num="1" count="1" type="stmt"/>
          <line num="2" count="1" type="stmt"/>
          <line num="3" count="1" type="stmt"/>
          <line num="4" count="1" type="stmt"/>
          <line num="5" count="1" type="stmt"/>
          <line num="6" count="1" type="stmt"/>
          <line num="8" count="1" type="stmt"/>
          <line num="10" count="1" type="stmt"/>
          <line num="15" count="0" type="stmt"/>
          <line num="18" count="1" type="stmt"/>
        </file>
      </package>
      <package name="server.controllers">
        <metrics statements="127" coveredstatements="111" conditionals="28" coveredconditionals="23" methods="12" coveredmethods="10"/>
        <file name="showsController.js" path="/Users/fh/whats-next/server/controllers/showsController.js">
          <metrics statements="29" coveredstatements="23" conditionals="2" coveredconditionals="2" methods="4" coveredmethods="2"/>
          <line num="1" count="1" type="stmt"/>
          <line num="2" count="1" type="stmt"/>
          <line num="4" count="1" type="stmt"/>
          <line num="5" count="0" type="stmt"/>
          <line num="6" count="0" type="stmt"/>
          <line num="7" count="0" type="stmt"/>
          <line num="8" count="0" type="stmt"/>
          <line num="9" count="0" type="stmt"/>
          <line num="10" count="0" type="stmt"/>
          <line num="13" count="1" type="stmt"/>
          <line num="14" count="4" type="stmt"/>
          <line num="15" count="4" type="stmt"/>
          <line num="16" count="4" type="stmt"/>
          <line num="17" count="4" type="stmt"/>
          <line num="18" count="2" type="stmt"/>
          <line num="19" count="2" type="stmt"/>
          <line num="20" count="1" type="stmt"/>
          <line num="21" count="1" type="stmt"/>
          <line num="22" count="1" type="stmt"/>
          <line num="23" count="1" type="stmt"/>
          <line num="26" count="3" type="stmt"/>
          <line num="30" count="1" type="stmt"/>
          <line num="31" count="4" type="stmt"/>
          <line num="32" count="4" type="cond" truecount="2" falsecount="0"/>
          <line num="33" count="4" type="stmt"/>
          <line num="34" count="4" type="stmt"/>
          <line num="35" count="3" type="stmt"/>
          <line num="38" count="1" type="stmt"/>
          <line num="42" count="1" type="stmt"/>
        </file>
        <file name="trackingController.js" path="/Users/fh/whats-next/server/controllers/trackingController.js">
          <metrics statements="36" coveredstatements="36" conditionals="0" coveredconditionals="0" methods="4" coveredmethods="4"/>
          <line num="1" count="1" type="stmt"/>
          <line num="2" count="1" type="stmt"/>
          <line num="3" count="1" type="stmt"/>
          <line num="5" count="1" type="stmt"/>
          <line num="6" count="3" type="stmt"/>
          <line num="7" count="3" type="stmt"/>
          <line num="8" count="3" type="stmt"/>
          <line num="9" count="3" type="stmt"/>
          <line num="10" count="3" type="stmt"/>
          <line num="11" count="1" type="stmt"/>
          <line num="12" count="1" type="stmt"/>
          <line num="14" count="2" type="stmt"/>
          <line num="19" count="1" type="stmt"/>
          <line num="20" count="4" type="stmt"/>
          <line num="21" count="4" type="stmt"/>
          <line num="22" count="4" type="stmt"/>
          <line num="23" count="4" type="stmt"/>
          <line num="27" count="1" type="stmt"/>
          <line num="28" count="5" type="stmt"/>
          <line num="29" count="5" type="stmt"/>
          <line num="30" count="5" type="stmt"/>
          <line num="31" count="5" type="stmt"/>
          <line num="32" count="5" type="stmt"/>
          <line num="33" count="1" type="stmt"/>
          <line num="34" count="1" type="stmt"/>
          <line num="37" count="4" type="stmt"/>
          <line num="43" count="1" type="stmt"/>
          <line num="44" count="2" type="stmt"/>
          <line num="45" count="2" type="stmt"/>
          <line num="46" count="2" type="stmt"/>
          <line num="48" count="2" type="stmt"/>
          <line num="49" count="2" type="stmt"/>
          <line num="50" count="1" type="stmt"/>
          <line num="51" count="1" type="stmt"/>
          <line num="54" count="1" type="stmt"/>
          <line num="58" count="1" type="stmt"/>
        </file>
        <file name="usersController.js" path="/Users/fh/whats-next/server/controllers/usersController.js">
          <metrics statements="62" coveredstatements="52" conditionals="26" coveredconditionals="21" methods="4" coveredmethods="4"/>
          <line num="1" count="1" type="stmt"/>
          <line num="2" count="1" type="stmt"/>
          <line num="3" count="1" type="stmt"/>
          <line num="4" count="1" type="stmt"/>
          <line num="5" count="1" type="stmt"/>
          <line num="6" count="1" type="stmt"/>
          <line num="8" count="1" type="stmt"/>
          <line num="9" count="1" type="stmt"/>
          <line num="17" count="1" type="stmt"/>
          <line num="23" count="14" type="cond" truecount="2" falsecount="0"/>
          <line num="25" count="11" type="stmt"/>
          <line num="28" count="11" type="cond" truecount="5" falsecount="0"/>
          <line num="29" count="4" type="stmt"/>
          <line num="32" count="4" type="stmt"/>
          <line num="34" count="7" type="stmt"/>
          <line num="35" count="7" type="cond" truecount="2" falsecount="0"/>
          <line num="36" count="2" type="stmt"/>
          <line num="39" count="2" type="stmt"/>
          <line num="41" count="5" type="stmt"/>
          <line num="42" count="5" type="stmt"/>
          <line num="44" count="0" type="stmt"/>
          <line num="46" count="5" type="stmt"/>
          <line num="47" count="5" type="stmt"/>
          <line num="48" count="5" type="stmt"/>
          <line num="55" count="3" type="stmt"/>
          <line num="62" count="2" type="stmt"/>
          <line num="67" count="1" type="stmt"/>
          <line num="74" count="3" type="stmt"/>
          <line num="76" count="3" type="stmt"/>
          <line num="77" count="3" type="stmt"/>
          <line num="78" count="3" type="stmt"/>
          <line num="80" count="3" type="cond" truecount="1" falsecount="1"/>
          <line num="81" count="3" type="stmt"/>
          <line num="82" count="3" type="stmt"/>
          <line num="90" count="3" type="stmt"/>
          <line num="97" count="0" type="stmt"/>
          <line num="98" count="0" type="stmt"/>
          <line num="101" count="0" type="stmt"/>
          <line num="107" count="1" type="stmt"/>
          <line num="115" count="4" type="cond" truecount="1" falsecount="1"/>
          <line num="117" count="4" type="cond" truecount="2" falsecount="0"/>
          <line num="118" count="1" type="stmt"/>
          <line num="121" count="1" type="stmt"/>
          <line num="124" count="3" type="stmt"/>
          <line num="125" count="3" type="cond" truecount="2" falsecount="2"/>
          <line num="126" count="0" type="stmt"/>
          <line num="127" count="0" type="stmt"/>
          <line num="130" count="3" type="stmt"/>
          <line num="131" count="3" type="stmt"/>
          <line num="133" count="3" type="cond" truecount="2" falsecount="0"/>
          <line num="134" count="2" type="stmt"/>
          <line num="137" count="2" type="stmt"/>
          <line num="139" count="1" type="stmt"/>
          <line num="140" count="1" type="stmt"/>
          <line num="141" count="1" type="cond" truecount="1" falsecount="1"/>
          <line num="142" count="1" type="stmt"/>
          <line num="149" count="0" type="stmt"/>
          <line num="153" count="1" type="stmt"/>
          <line num="155" count="0" type="stmt"/>
          <line num="156" count="0" type="stmt"/>
          <line num="159" count="0" type="stmt"/>
          <line num="163" count="1" type="stmt"/>
        </file>
      </package>
      <package name="server.middlewares">
        <metrics statements="28" coveredstatements="26" conditionals="6" coveredconditionals="4" methods="2" coveredmethods="2"/>
        <file name="authMiddleware.js" path="/Users/fh/whats-next/server/middlewares/authMiddleware.js">
          <metrics statements="17" coveredstatements="15" conditionals="6" coveredconditionals="4" methods="1" coveredmethods="1"/>
          <line num="1" count="1" type="stmt"/>
          <line num="3" count="1" type="stmt"/>
          <line num="5" count="21" type="cond" truecount="2" falsecount="0"/>
          <line num="6" count="1" type="stmt"/>
          <line num="9" count="1" type="stmt"/>
          <line num="12" count="20" type="stmt"/>
          <line num="14" count="20" type="cond" truecount="1" falsecount="1"/>
          <line num="15" count="20" type="stmt"/>
          <line num="16" count="20" type="stmt"/>
          <line num="17" count="16" type="stmt"/>
          <line num="20" count="4" type="stmt"/>
          <line num="23" count="4" type="stmt"/>
          <line num="27" count="16" type="cond" truecount="1" falsecount="1"/>
          <line num="28" count="0" type="stmt"/>
          <line num="31" count="0" type="stmt"/>
          <line num="34" count="16" type="stmt"/>
          <line num="38" count="1" type="stmt"/>
        </file>
        <file name="thirdPartyAuthentication.js" path="/Users/fh/whats-next/server/middlewares/thirdPartyAuthentication.js">
          <metrics statements="11" coveredstatements="11" conditionals="0" coveredconditionals="0" methods="1" coveredmethods="1"/>
          <line num="1" count="1" type="stmt"/>
          <line num="2" count="1" type="stmt"/>
          <line num="3" count="1" type="stmt"/>
          <line num="4" count="1" type="stmt"/>
          <line num="6" count="1" type="stmt"/>
          <line num="7" count="3" type="stmt"/>
          <line num="8" count="3" type="stmt"/>
          <line num="9" count="3" type="stmt"/>
          <line num="12" count="3" type="stmt"/>
          <line num="14" count="3" type="stmt"/>
          <line num="20" count="1" type="stmt"/>
        </file>
      </package>
      <package name="server.mock_tests">
        <metrics statements="11" coveredstatements="11" conditionals="2" coveredconditionals="2" methods="4" coveredmethods="4"/>
        <file name="mock.js" path="/Users/fh/whats-next/server/mock_tests/mock.js">
          <metrics statements="11" coveredstatements="11" conditionals="2" coveredconditionals="2" methods="4" coveredmethods="4"/>
          <line num="1" count="1" type="stmt"/>
          <line num="3" count="1" type="stmt"/>
          <line num="8" count="1" type="stmt"/>
          <line num="9" count="4" type="stmt"/>
          <line num="25" count="1" type="stmt"/>
          <line num="26" count="1" type="stmt"/>
          <line num="40" count="1" type="stmt"/>
          <line num="41" count="2" type="stmt"/>
          <line num="42" count="4" type="cond" truecount="2" falsecount="0"/>
          <line num="43" count="2" type="stmt"/>
          <line num="61" count="1" type="stmt"/>
        </file>
      </package>
      <package name="server.models">
        <metrics statements="152" coveredstatements="139" conditionals="45" coveredconditionals="33" methods="54" coveredmethods="47"/>
        <file name="followModel.js" path="/Users/fh/whats-next/server/models/followModel.js">
          <metrics statements="19" coveredstatements="19" conditionals="2" coveredconditionals="2" methods="7" coveredmethods="7"/>
          <line num="1" count="1" type="stmt"/>
          <line num="2" count="1" type="stmt"/>
          <line num="4" count="1" type="stmt"/>
          <line num="5" count="9" type="stmt"/>
          <line num="11" count="9" type="cond" truecount="2" falsecount="0"/>
          <line num="12" count="1" type="stmt"/>
          <line num="13" count="1" type="stmt"/>
          <line num="20" count="8" type="stmt"/>
          <line num="27" count="1" type="stmt"/>
          <line num="28" count="1" type="stmt"/>
          <line num="33" count="1" type="stmt"/>
          <line num="36" count="1" type="stmt"/>
          <line num="37" count="1" type="stmt"/>
          <line num="42" count="1" type="stmt"/>
          <line num="45" count="1" type="stmt"/>
          <line num="46" count="3" type="stmt"/>
          <line num="47" count="3" type="stmt"/>
          <line num="48" count="3" type="stmt"/>
          <line num="51" count="1" type="stmt"/>
        </file>
        <file name="showModel.js" path="/Users/fh/whats-next/server/models/showModel.js">
          <metrics statements="83" coveredstatements="74" conditionals="39" coveredconditionals="28" methods="30" coveredmethods="25"/>
          <line num="1" count="1" type="stmt"/>
          <line num="2" count="1" type="stmt"/>
          <line num="3" count="1" type="stmt"/>
          <line num="4" count="1" type="stmt"/>
          <line num="6" count="1" type="stmt"/>
          <line num="7" count="0" type="stmt"/>
          <line num="13" count="1" type="stmt"/>
          <line num="14" count="4" type="stmt"/>
          <line num="17" count="4" type="stmt"/>
          <line num="18" count="8" type="stmt"/>
          <line num="21" count="1" type="stmt"/>
          <line num="22" count="0" type="stmt"/>
          <line num="41" count="1" type="stmt"/>
          <line num="42" count="0" type="stmt"/>
          <line num="44" count="0" type="stmt"/>
          <line num="51" count="0" type="stmt"/>
          <line num="52" count="0" type="stmt"/>
          <line num="57" count="1" type="stmt"/>
          <line num="58" count="2" type="stmt"/>
          <line num="63" count="1" type="stmt"/>
          <line num="64" count="1" type="stmt"/>
          <line num="69" count="1" type="stmt"/>
          <line num="70" count="9" type="stmt"/>
          <line num="85" count="1" type="stmt"/>
          <line num="86" count="0" type="stmt"/>
          <line num="93" count="1" type="cond" truecount="2" falsecount="0"/>
          <line num="94" count="8" type="stmt"/>
          <line num="95" count="6" type="cond" truecount="2" falsecount="0"/>
          <line num="96" count="3" type="cond" truecount="2" falsecount="0"/>
          <line num="97" count="2" type="stmt"/>
          <line num="100" count="1" type="stmt"/>
          <line num="101" count="7" type="stmt"/>
          <line num="104" count="1" type="stmt"/>
          <line num="105" count="3" type="stmt"/>
          <line num="112" count="1" type="cond" truecount="1" falsecount="2"/>
          <line num="113" count="5" type="stmt"/>
          <line num="114" count="5" type="cond" truecount="4" falsecount="0"/>
          <line num="115" count="2" type="cond" truecount="2" falsecount="1"/>
          <line num="117" count="2" type="cond" truecount="2" falsecount="1"/>
          <line num="118" count="2" type="stmt"/>
          <line num="126" count="22" type="stmt"/>
          <line num="127" count="22" type="stmt"/>
          <line num="130" count="2" type="stmt"/>
          <line num="131" count="2" type="cond" truecount="1" falsecount="1"/>
          <line num="132" count="0" type="stmt"/>
          <line num="133" count="0" type="stmt"/>
          <line num="135" count="2" type="stmt"/>
          <line num="137" count="3" type="stmt"/>
          <line num="140" count="1" type="stmt"/>
          <line num="141" count="2" type="stmt"/>
          <line num="145" count="1" type="cond" truecount="2" falsecount="1"/>
          <line num="146" count="1" type="stmt"/>
          <line num="147" count="1" type="stmt"/>
          <line num="148" count="1" type="cond" truecount="2" falsecount="1"/>
          <line num="149" count="1" type="cond" truecount="2" falsecount="1"/>
          <line num="150" count="1" type="stmt"/>
          <line num="152" count="2" type="stmt"/>
          <line num="153" count="2" type="stmt"/>
          <line num="155" count="1" type="stmt"/>
          <line num="156" count="1" type="stmt"/>
          <line num="157" count="1" type="stmt"/>
          <line num="158" count="1" type="stmt"/>
          <line num="159" count="1" type="stmt"/>
          <line num="162" count="1" type="stmt"/>
          <line num="163" count="1" type="stmt"/>
          <line num="166" count="1" type="stmt"/>
          <line num="167" count="2" type="stmt"/>
          <line num="168" count="2" type="stmt"/>
          <line num="171" count="2" type="stmt"/>
          <line num="176" count="2" type="stmt"/>
          <line num="178" count="4" type="stmt"/>
          <line num="179" count="4" type="cond" truecount="2" falsecount="0"/>
          <line num="180" count="2" type="stmt"/>
          <line num="190" count="1" type="cond" truecount="1" falsecount="0"/>
          <line num="191" count="4" type="stmt"/>
          <line num="192" count="4" type="stmt"/>
          <line num="193" count="24" type="stmt"/>
          <line num="196" count="1" type="stmt"/>
          <line num="197" count="4" type="stmt"/>
          <line num="198" count="4" type="stmt"/>
          <line num="199" count="4" type="stmt"/>
          <line num="200" count="4" type="stmt"/>
          <line num="203" count="1" type="stmt"/>
        </file>
        <file name="trackingModel.js" path="/Users/fh/whats-next/server/models/trackingModel.js">
          <metrics statements="20" coveredstatements="19" conditionals="0" coveredconditionals="0" methods="10" coveredmethods="9"/>
          <line num="1" count="1" type="stmt"/>
          <line num="2" count="1" type="stmt"/>
          <line num="5" count="1" type="stmt"/>
          <line num="6" count="5" type="stmt"/>
          <line num="10" count="1" type="stmt"/>
          <line num="11" count="1" type="stmt"/>
          <line num="13" count="1" type="stmt"/>
          <line num="16" count="1" type="stmt"/>
          <line num="17" count="3" type="stmt"/>
          <line num="21" count="2" type="stmt"/>
          <line num="22" count="2" type="stmt"/>
          <line num="24" count="2" type="stmt"/>
          <line num="27" count="1" type="stmt"/>
          <line num="28" count="2" type="stmt"/>
          <line num="32" count="1" type="stmt"/>
          <line num="33" count="1" type="stmt"/>
          <line num="35" count="1" type="stmt"/>
          <line num="38" count="1" type="stmt"/>
          <line num="39" count="0" type="stmt"/>
          <line num="42" count="1" type="stmt"/>
        </file>
        <file name="userModel.js" path="/Users/fh/whats-next/server/models/userModel.js">
          <metrics statements="30" coveredstatements="27" conditionals="4" coveredconditionals="3" methods="7" coveredmethods="6"/>
          <line num="1" count="1" type="stmt"/>
          <line num="2" count="1" type="stmt"/>
          <line num="3" count="1" type="stmt"/>
          <line num="5" count="1" type="stmt"/>
          <line num="6" count="0" type="stmt"/>
          <line num="20" count="0" type="stmt"/>
          <line num="23" count="1" type="stmt"/>
          <line num="24" count="10" type="stmt"/>
          <line num="29" count="10" type="stmt"/>
          <line num="32" count="1" type="stmt"/>
          <line num="33" count="20" type="stmt"/>
          <line num="38" count="20" type="stmt"/>
          <line num="41" count="1" type="stmt"/>
          <line num="42" count="5" type="cond" truecount="2" falsecount="0"/>
          <line num="43" count="1" type="stmt"/>
          <line num="45" count="5" type="stmt"/>
          <line num="54" count="1" type="stmt"/>
          <line num="62" count="3" type="cond" truecount="1" falsecount="1"/>
          <line num="63" count="0" type="stmt"/>
          <line num="65" count="3" type="stmt"/>
          <line num="70" count="3" type="stmt"/>
          <line num="72" count="3" type="stmt"/>
          <line num="85" count="3" type="stmt"/>
          <line num="86" count="3" type="stmt"/>
          <line num="87" count="3" type="stmt"/>
          <line num="88" count="3" type="stmt"/>
          <line num="89" count="3" type="stmt"/>
          <line num="90" count="3" type="stmt"/>
          <line num="92" count="3" type="stmt"/>
          <line num="95" count="1" type="stmt"/>
        </file>
      </package>
      <package name="server.schemas">
        <metrics statements="50" coveredstatements="49" conditionals="9" coveredconditionals="7" methods="12" coveredmethods="12"/>
        <file name="follow.js" path="/Users/fh/whats-next/server/schemas/follow.js">
          <metrics statements="6" coveredstatements="6" conditionals="0" coveredconditionals="0" methods="2" coveredmethods="2"/>
          <line num="2" count="1" type="stmt"/>
          <line num="3" count="1" type="stmt"/>
          <line num="23" count="1" type="stmt"/>
          <line num="24" count="1" type="stmt"/>
          <line num="25" count="1" type="stmt"/>
          <line num="27" count="1" type="stmt"/>
        </file>
        <file name="genre.js" path="/Users/fh/whats-next/server/schemas/genre.js">
          <metrics statements="3" coveredstatements="3" conditionals="0" coveredconditionals="0" methods="1" coveredmethods="1"/>
          <line num="2" count="1" type="stmt"/>
          <line num="3" count="1" type="stmt"/>
          <line num="16" count="1" type="stmt"/>
        </file>
        <file name="index.js" path="/Users/fh/whats-next/server/schemas/index.js">
          <metrics statements="20" coveredstatements="19" conditionals="9" coveredconditionals="7" methods="3" coveredmethods="3"/>
          <line num="3" count="1" type="stmt"/>
          <line num="4" count="1" type="stmt"/>
          <line num="5" count="1" type="stmt"/>
          <line num="6" count="1" type="stmt"/>
          <line num="7" count="1" type="cond" truecount="1" falsecount="1"/>
          <line num="8" count="1" type="stmt"/>
          <line num="9" count="1" type="stmt"/>
          <line num="13" count="1" type="cond" truecount="1" falsecount="1"/>
          <line num="14" count="0" type="stmt"/>
          <line num="16" count="1" type="stmt"/>
          <line num="26" count="1" type="stmt"/>
          <line num="28" count="6" type="stmt"/>
          <line num="33" count="5" type="stmt"/>
          <line num="34" count="5" type="stmt"/>
          <line num="37" count="1" type="stmt"/>
          <line num="38" count="5" type="cond" truecount="2" falsecount="0"/>
          <line num="39" count="4" type="stmt"/>
          <line num="43" count="1" type="stmt"/>
          <line num="44" count="1" type="stmt"/>
          <line num="46" count="1" type="stmt"/>
        </file>
        <file name="show.js" path="/Users/fh/whats-next/server/schemas/show.js">
          <metrics statements="6" coveredstatements="6" conditionals="0" coveredconditionals="0" methods="2" coveredmethods="2"/>
          <line num="2" count="1" type="stmt"/>
          <line num="3" count="1" type="stmt"/>
          <line num="19" count="1" type="stmt"/>
          <line num="20" count="1" type="stmt"/>
          <line num="21" count="1" type="stmt"/>
          <line num="27" count="1" type="stmt"/>
        </file>
        <file name="tracking.js" path="/Users/fh/whats-next/server/schemas/tracking.js">
          <metrics statements="6" coveredstatements="6" conditionals="0" coveredconditionals="0" methods="2" coveredmethods="2"/>
          <line num="2" count="1" type="stmt"/>
          <line num="3" count="1" type="stmt"/>
          <line num="21" count="1" type="stmt"/>
          <line num="22" count="1" type="stmt"/>
          <line num="23" count="1" type="stmt"/>
          <line num="25" count="1" type="stmt"/>
        </file>
        <file name="user.js" path="/Users/fh/whats-next/server/schemas/user.js">
          <metrics statements="9" coveredstatements="9" conditionals="0" coveredconditionals="0" methods="2" coveredmethods="2"/>
          <line num="2" count="1" type="stmt"/>
          <line num="4" count="1" type="stmt"/>
          <line num="5" count="1" type="stmt"/>
          <line num="39" count="1" type="stmt"/>
          <line num="40" count="1" type="stmt"/>
          <line num="41" count="1" type="stmt"/>
          <line num="46" count="1" type="stmt"/>
          <line num="51" count="1" type="stmt"/>
          <line num="57" count="1" type="stmt"/>
        </file>
      </package>
      <package name="server.testSeeding">
        <metrics statements="7" coveredstatements="7" conditionals="0" coveredconditionals="0" methods="6" coveredmethods="6"/>
        <file name="trackingSeeders.js" path="/Users/fh/whats-next/server/testSeeding/trackingSeeders.js">
          <metrics statements="7" coveredstatements="7" conditionals="0" coveredconditionals="0" methods="6" coveredmethods="6"/>
          <line num="2" count="1" type="stmt"/>
          <line num="4" count="21" type="stmt"/>
          <line num="50" count="32" type="stmt"/>
          <line num="72" count="38" type="stmt"/>
          <line num="75" count="64" type="stmt"/>
          <line num="78" count="19" type="stmt"/>
          <line num="81" count="8" type="stmt"/>
        </file>
      </package>
    </metrics>
  </project>
</coverage>
