{"/Users/fh/whats-next/server/router.js": {"path":"/Users/fh/whats-next/server/router.js","statementMap":{"0":{"start":{"line":1,"column":16},"end":{"line":1,"column":34}},"1":{"start":{"line":2,"column":15},"end":{"line":2,"column":31}},"2":{"start":{"line":3,"column":24},"end":{"line":3,"column":67}},"3":{"start":{"line":4,"column":24},"end":{"line":4,"column":64}},"4":{"start":{"line":5,"column":27},"end":{"line":5,"column":70}},"5":{"start":{"line":7,"column":23},"end":{"line":7,"column":62}},"6":{"start":{"line":9,"column":21},"end":{"line":11,"column":1}},"7":{"start":{"line":10,"column":2},"end":{"line":10,"column":33}},"8":{"start":{"line":13,"column":0},"end":{"line":23,"column":46}},"9":{"start":{"line":25,"column":0},"end":{"line":25,"column":24}}},"fnMap":{"0":{"name":"(anonymous_0)","decl":{"start":{"line":9,"column":21},"end":{"line":9,"column":22}},"loc":{"start":{"line":9,"column":35},"end":{"line":11,"column":1}},"line":9}},"branchMap":{},"s":{"0":1,"1":1,"2":1,"3":1,"4":1,"5":1,"6":1,"7":1,"8":1,"9":1},"f":{"0":1},"b":{},"_coverageSchema":"332fd63041d2c1bcb487cc26dd0d5f7d97098a6c","hash":"2e64b092495ff9ea9b01b3f9edc215abdfc8d33b"}
,"/Users/fh/whats-next/server/server.js": {"path":"/Users/fh/whats-next/server/server.js","statementMap":{"0":{"start":{"line":1,"column":0},"end":{"line":1,"column":27}},"1":{"start":{"line":2,"column":16},"end":{"line":2,"column":34}},"2":{"start":{"line":3,"column":19},"end":{"line":3,"column":33}},"3":{"start":{"line":4,"column":21},"end":{"line":4,"column":45}},"4":{"start":{"line":5,"column":13},"end":{"line":5,"column":28}},"5":{"start":{"line":6,"column":15},"end":{"line":6,"column":37}},"6":{"start":{"line":8,"column":12},"end":{"line":8,"column":25}},"7":{"start":{"line":10,"column":0},"end":{"line":16,"column":5}},"8":{"start":{"line":15,"column":4},"end":{"line":15,"column":72}},"9":{"start":{"line":18,"column":0},"end":{"line":18,"column":21}}},"fnMap":{"0":{"name":"(anonymous_0)","decl":{"start":{"line":14,"column":7},"end":{"line":14,"column":8}},"loc":{"start":{"line":14,"column":21},"end":{"line":16,"column":3}},"line":14}},"branchMap":{},"s":{"0":1,"1":1,"2":1,"3":1,"4":1,"5":1,"6":1,"7":1,"8":0,"9":1},"f":{"0":0},"b":{},"_coverageSchema":"332fd63041d2c1bcb487cc26dd0d5f7d97098a6c","hash":"59133ea193a2791978b7fb1ceb377473e3cb5e0f"}
,"/Users/fh/whats-next/server/controllers/showsController.js": {"path":"/Users/fh/whats-next/server/controllers/showsController.js","statementMap":{"0":{"start":{"line":1,"column":19},"end":{"line":1,"column":49}},"1":{"start":{"line":2,"column":24},"end":{"line":2,"column":26}},"2":{"start":{"line":4,"column":0},"end":{"line":11,"column":2}},"3":{"start":{"line":5,"column":17},"end":{"line":5,"column":28}},"4":{"start":{"line":6,"column":23},"end":{"line":6,"column":64}},"5":{"start":{"line":7,"column":26},"end":{"line":7,"column":59}},"6":{"start":{"line":7,"column":49},"end":{"line":7,"column":58}},"7":{"start":{"line":8,"column":16},"end":{"line":8,"column":66}},"8":{"start":{"line":9,"column":20},"end":{"line":9,"column":57}},"9":{"start":{"line":10,"column":2},"end":{"line":10,"column":34}},"10":{"start":{"line":13,"column":0},"end":{"line":28,"column":2}},"11":{"start":{"line":14,"column":17},"end":{"line":14,"column":28}},"12":{"start":{"line":15,"column":13},"end":{"line":15,"column":26}},"13":{"start":{"line":16,"column":4},"end":{"line":27,"column":5}},"14":{"start":{"line":17,"column":6},"end":{"line":17,"column":46}},"15":{"start":{"line":18,"column":19},"end":{"line":18,"column":62}},"16":{"start":{"line":19,"column":22},"end":{"line":19,"column":56}},"17":{"start":{"line":20,"column":6},"end":{"line":20,"column":29}},"18":{"start":{"line":21,"column":30},"end":{"line":21,"column":72}},"19":{"start":{"line":22,"column":6},"end":{"line":22,"column":45}},"20":{"start":{"line":23,"column":6},"end":{"line":23,"column":33}},"21":{"start":{"line":26,"column":6},"end":{"line":26,"column":29}},"22":{"start":{"line":30,"column":0},"end":{"line":40,"column":2}},"23":{"start":{"line":31,"column":19},"end":{"line":31,"column":27}},"24":{"start":{"line":32,"column":2},"end":{"line":32,"column":35}},"25":{"start":{"line":32,"column":13},"end":{"line":32,"column":35}},"26":{"start":{"line":33,"column":2},"end":{"line":39,"column":3}},"27":{"start":{"line":34,"column":20},"end":{"line":34,"column":54}},"28":{"start":{"line":35,"column":4},"end":{"line":35,"column":34}},"29":{"start":{"line":38,"column":4},"end":{"line":38,"column":26}},"30":{"start":{"line":42,"column":0},"end":{"line":42,"column":33}}},"fnMap":{"0":{"name":"(anonymous_0)","decl":{"start":{"line":4,"column":30},"end":{"line":4,"column":31}},"loc":{"start":{"line":4,"column":50},"end":{"line":11,"column":1}},"line":4},"1":{"name":"(anonymous_1)","decl":{"start":{"line":7,"column":43},"end":{"line":7,"column":44}},"loc":{"start":{"line":7,"column":49},"end":{"line":7,"column":58}},"line":7},"2":{"name":"(anonymous_2)","decl":{"start":{"line":13,"column":22},"end":{"line":13,"column":23}},"loc":{"start":{"line":13,"column":42},"end":{"line":28,"column":1}},"line":13},"3":{"name":"(anonymous_3)","decl":{"start":{"line":30,"column":25},"end":{"line":30,"column":26}},"loc":{"start":{"line":30,"column":45},"end":{"line":40,"column":1}},"line":30}},"branchMap":{"0":{"loc":{"start":{"line":32,"column":2},"end":{"line":32,"column":35}},"type":"if","locations":[{"start":{"line":32,"column":2},"end":{"line":32,"column":35}},{"start":{"line":32,"column":2},"end":{"line":32,"column":35}}],"line":32}},"s":{"0":1,"1":1,"2":1,"3":0,"4":0,"5":0,"6":0,"7":0,"8":0,"9":0,"10":1,"11":4,"12":4,"13":4,"14":4,"15":2,"16":2,"17":1,"18":1,"19":1,"20":1,"21":3,"22":1,"23":4,"24":4,"25":1,"26":4,"27":4,"28":3,"29":1,"30":1},"f":{"0":0,"1":0,"2":4,"3":4},"b":{"0":[1,3]},"_coverageSchema":"332fd63041d2c1bcb487cc26dd0d5f7d97098a6c","hash":"c8e5a3273cb8ec5c0a70f52e09602e342db7deda"}
,"/Users/fh/whats-next/server/controllers/trackingController.js": {"path":"/Users/fh/whats-next/server/controllers/trackingController.js","statementMap":{"0":{"start":{"line":1,"column":27},"end":{"line":1,"column":29}},"1":{"start":{"line":2,"column":23},"end":{"line":2,"column":57}},"2":{"start":{"line":3,"column":19},"end":{"line":3,"column":49}},"3":{"start":{"line":5,"column":0},"end":{"line":16,"column":2}},"4":{"start":{"line":6,"column":18},"end":{"line":6,"column":31}},"5":{"start":{"line":7,"column":17},"end":{"line":7,"column":28}},"6":{"start":{"line":8,"column":17},"end":{"line":8,"column":32}},"7":{"start":{"line":9,"column":2},"end":{"line":15,"column":3}},"8":{"start":{"line":10,"column":4},"end":{"line":10,"column":69}},"9":{"start":{"line":11,"column":17},"end":{"line":11,"column":73}},"10":{"start":{"line":12,"column":4},"end":{"line":12,"column":31}},"11":{"start":{"line":14,"column":4},"end":{"line":14,"column":27}},"12":{"start":{"line":19,"column":0},"end":{"line":24,"column":1}},"13":{"start":{"line":20,"column":15},"end":{"line":20,"column":63}},"14":{"start":{"line":21,"column":18},"end":{"line":21,"column":56}},"15":{"start":{"line":22,"column":2},"end":{"line":22,"column":25}},"16":{"start":{"line":23,"column":2},"end":{"line":23,"column":14}},"17":{"start":{"line":27,"column":0},"end":{"line":39,"column":2}},"18":{"start":{"line":28,"column":18},"end":{"line":28,"column":31}},"19":{"start":{"line":29,"column":17},"end":{"line":29,"column":28}},"20":{"start":{"line":30,"column":17},"end":{"line":30,"column":32}},"21":{"start":{"line":31,"column":2},"end":{"line":38,"column":3}},"22":{"start":{"line":32,"column":4},"end":{"line":32,"column":69}},"23":{"start":{"line":33,"column":17},"end":{"line":33,"column":73}},"24":{"start":{"line":34,"column":4},"end":{"line":34,"column":31}},"25":{"start":{"line":37,"column":4},"end":{"line":37,"column":27}},"26":{"start":{"line":43,"column":0},"end":{"line":56,"column":2}},"27":{"start":{"line":44,"column":18},"end":{"line":44,"column":31}},"28":{"start":{"line":45,"column":17},"end":{"line":45,"column":28}},"29":{"start":{"line":46,"column":17},"end":{"line":46,"column":32}},"30":{"start":{"line":48,"column":2},"end":{"line":55,"column":3}},"31":{"start":{"line":49,"column":4},"end":{"line":49,"column":69}},"32":{"start":{"line":50,"column":17},"end":{"line":50,"column":73}},"33":{"start":{"line":51,"column":4},"end":{"line":51,"column":31}},"34":{"start":{"line":54,"column":4},"end":{"line":54,"column":27}},"35":{"start":{"line":58,"column":0},"end":{"line":58,"column":36}}},"fnMap":{"0":{"name":"(anonymous_0)","decl":{"start":{"line":5,"column":28},"end":{"line":5,"column":29}},"loc":{"start":{"line":5,"column":48},"end":{"line":16,"column":1}},"line":5},"1":{"name":"(anonymous_1)","decl":{"start":{"line":19,"column":36},"end":{"line":19,"column":37}},"loc":{"start":{"line":19,"column":63},"end":{"line":24,"column":1}},"line":19},"2":{"name":"(anonymous_2)","decl":{"start":{"line":27,"column":26},"end":{"line":27,"column":27}},"loc":{"start":{"line":27,"column":46},"end":{"line":39,"column":1}},"line":27},"3":{"name":"(anonymous_3)","decl":{"start":{"line":43,"column":28},"end":{"line":43,"column":29}},"loc":{"start":{"line":43,"column":48},"end":{"line":56,"column":1}},"line":43}},"branchMap":{},"s":{"0":1,"1":1,"2":1,"3":1,"4":3,"5":3,"6":3,"7":3,"8":3,"9":1,"10":1,"11":2,"12":1,"13":4,"14":4,"15":4,"16":4,"17":1,"18":5,"19":5,"20":5,"21":5,"22":5,"23":1,"24":1,"25":4,"26":1,"27":2,"28":2,"29":2,"30":2,"31":2,"32":1,"33":1,"34":1,"35":1},"f":{"0":3,"1":4,"2":5,"3":2},"b":{},"_coverageSchema":"332fd63041d2c1bcb487cc26dd0d5f7d97098a6c","hash":"27e51c4b52c2cc8ea5cdd472bd1275750104b708"}
,"/Users/fh/whats-next/server/controllers/usersController.js": {"path":"/Users/fh/whats-next/server/controllers/usersController.js","statementMap":{"0":{"start":{"line":1,"column":24},"end":{"line":1,"column":26}},"1":{"start":{"line":2,"column":19},"end":{"line":2,"column":49}},"2":{"start":{"line":3,"column":15},"end":{"line":3,"column":32}},"3":{"start":{"line":4,"column":13},"end":{"line":4,"column":28}},"4":{"start":{"line":5,"column":13},"end":{"line":5,"column":31}},"5":{"start":{"line":6,"column":33},"end":{"line":6,"column":83}},"6":{"start":{"line":8,"column":0},"end":{"line":15,"column":2}},"7":{"start":{"line":9,"column":2},"end":{"line":14,"column":7}},"8":{"start":{"line":17,"column":0},"end":{"line":65,"column":2}},"9":{"start":{"line":23,"column":2},"end":{"line":23,"column":73}},"10":{"start":{"line":23,"column":40},"end":{"line":23,"column":73}},"11":{"start":{"line":25,"column":44},"end":{"line":25,"column":52}},"12":{"start":{"line":28,"column":2},"end":{"line":33,"column":3}},"13":{"start":{"line":29,"column":4},"end":{"line":31,"column":7}},"14":{"start":{"line":32,"column":4},"end":{"line":32,"column":11}},"15":{"start":{"line":34,"column":13},"end":{"line":34,"column":51}},"16":{"start":{"line":35,"column":2},"end":{"line":64,"column":3}},"17":{"start":{"line":36,"column":4},"end":{"line":38,"column":7}},"18":{"start":{"line":39,"column":4},"end":{"line":39,"column":11}},"19":{"start":{"line":41,"column":4},"end":{"line":45,"column":5}},"20":{"start":{"line":42,"column":6},"end":{"line":42,"column":69}},"21":{"start":{"line":44,"column":6},"end":{"line":44,"column":50}},"22":{"start":{"line":46,"column":4},"end":{"line":63,"column":5}},"23":{"start":{"line":47,"column":24},"end":{"line":47,"column":30}},"24":{"start":{"line":48,"column":21},"end":{"line":54,"column":7}},"25":{"start":{"line":55,"column":6},"end":{"line":60,"column":9}},"26":{"start":{"line":62,"column":6},"end":{"line":62,"column":29}},"27":{"start":{"line":67,"column":0},"end":{"line":105,"column":2}},"28":{"start":{"line":74,"column":44},"end":{"line":74,"column":52}},"29":{"start":{"line":76,"column":23},"end":{"line":76,"column":50}},"30":{"start":{"line":77,"column":2},"end":{"line":77,"column":45}},"31":{"start":{"line":78,"column":19},"end":{"line":78,"column":25}},"32":{"start":{"line":80,"column":2},"end":{"line":104,"column":3}},"33":{"start":{"line":81,"column":4},"end":{"line":99,"column":5}},"34":{"start":{"line":82,"column":21},"end":{"line":89,"column":7}},"35":{"start":{"line":90,"column":6},"end":{"line":95,"column":9}},"36":{"start":{"line":97,"column":6},"end":{"line":97,"column":25}},"37":{"start":{"line":98,"column":6},"end":{"line":98,"column":29}},"38":{"start":{"line":101,"column":4},"end":{"line":103,"column":7}},"39":{"start":{"line":107,"column":0},"end":{"line":161,"column":2}},"40":{"start":{"line":115,"column":2},"end":{"line":115,"column":73}},"41":{"start":{"line":115,"column":40},"end":{"line":115,"column":73}},"42":{"start":{"line":117,"column":2},"end":{"line":122,"column":3}},"43":{"start":{"line":118,"column":4},"end":{"line":120,"column":7}},"44":{"start":{"line":121,"column":4},"end":{"line":121,"column":11}},"45":{"start":{"line":124,"column":2},"end":{"line":124,"column":47}},"46":{"start":{"line":125,"column":2},"end":{"line":128,"column":3}},"47":{"start":{"line":126,"column":4},"end":{"line":126,"column":77}},"48":{"start":{"line":127,"column":4},"end":{"line":127,"column":11}},"49":{"start":{"line":130,"column":31},"end":{"line":130,"column":56}},"50":{"start":{"line":131,"column":17},"end":{"line":131,"column":58}},"51":{"start":{"line":133,"column":2},"end":{"line":138,"column":3}},"52":{"start":{"line":134,"column":4},"end":{"line":136,"column":7}},"53":{"start":{"line":137,"column":4},"end":{"line":137,"column":11}},"54":{"start":{"line":139,"column":2},"end":{"line":160,"column":3}},"55":{"start":{"line":140,"column":18},"end":{"line":140,"column":65}},"56":{"start":{"line":141,"column":4},"end":{"line":152,"column":5}},"57":{"start":{"line":142,"column":6},"end":{"line":147,"column":9}},"58":{"start":{"line":149,"column":6},"end":{"line":151,"column":9}},"59":{"start":{"line":153,"column":4},"end":{"line":153,"column":11}},"60":{"start":{"line":155,"column":4},"end":{"line":155,"column":23}},"61":{"start":{"line":156,"column":4},"end":{"line":158,"column":7}},"62":{"start":{"line":159,"column":4},"end":{"line":159,"column":11}},"63":{"start":{"line":163,"column":0},"end":{"line":163,"column":33}}},"fnMap":{"0":{"name":"(anonymous_0)","decl":{"start":{"line":8,"column":22},"end":{"line":8,"column":23}},"loc":{"start":{"line":8,"column":42},"end":{"line":15,"column":1}},"line":8},"1":{"name":"(anonymous_1)","decl":{"start":{"line":17,"column":25},"end":{"line":17,"column":26}},"loc":{"start":{"line":22,"column":5},"end":{"line":65,"column":1}},"line":22},"2":{"name":"(anonymous_2)","decl":{"start":{"line":67,"column":33},"end":{"line":67,"column":34}},"loc":{"start":{"line":72,"column":5},"end":{"line":105,"column":1}},"line":72},"3":{"name":"(anonymous_3)","decl":{"start":{"line":107,"column":25},"end":{"line":107,"column":26}},"loc":{"start":{"line":112,"column":5},"end":{"line":161,"column":1}},"line":112}},"branchMap":{"0":{"loc":{"start":{"line":21,"column":2},"end":{"line":21,"column":50}},"type":"default-arg","locations":[{"start":{"line":21,"column":20},"end":{"line":21,"column":50}}],"line":21},"1":{"loc":{"start":{"line":23,"column":2},"end":{"line":23,"column":73}},"type":"if","locations":[{"start":{"line":23,"column":2},"end":{"line":23,"column":73}},{"start":{"line":23,"column":2},"end":{"line":23,"column":73}}],"line":23},"2":{"loc":{"start":{"line":28,"column":2},"end":{"line":33,"column":3}},"type":"if","locations":[{"start":{"line":28,"column":2},"end":{"line":33,"column":3}},{"start":{"line":28,"column":2},"end":{"line":33,"column":3}}],"line":28},"3":{"loc":{"start":{"line":28,"column":6},"end":{"line":28,"column":34}},"type":"binary-expr","locations":[{"start":{"line":28,"column":6},"end":{"line":28,"column":11}},{"start":{"line":28,"column":15},"end":{"line":28,"column":24}},{"start":{"line":28,"column":28},"end":{"line":28,"column":34}}],"line":28},"4":{"loc":{"start":{"line":35,"column":2},"end":{"line":64,"column":3}},"type":"if","locations":[{"start":{"line":35,"column":2},"end":{"line":64,"column":3}},{"start":{"line":35,"column":2},"end":{"line":64,"column":3}}],"line":35},"5":{"loc":{"start":{"line":71,"column":2},"end":{"line":71,"column":58}},"type":"default-arg","locations":[{"start":{"line":71,"column":19},"end":{"line":71,"column":58}}],"line":71},"6":{"loc":{"start":{"line":80,"column":2},"end":{"line":104,"column":3}},"type":"if","locations":[{"start":{"line":80,"column":2},"end":{"line":104,"column":3}},{"start":{"line":80,"column":2},"end":{"line":104,"column":3}}],"line":80},"7":{"loc":{"start":{"line":111,"column":2},"end":{"line":111,"column":50}},"type":"default-arg","locations":[{"start":{"line":111,"column":20},"end":{"line":111,"column":50}}],"line":111},"8":{"loc":{"start":{"line":115,"column":2},"end":{"line":115,"column":73}},"type":"if","locations":[{"start":{"line":115,"column":2},"end":{"line":115,"column":73}},{"start":{"line":115,"column":2},"end":{"line":115,"column":73}}],"line":115},"9":{"loc":{"start":{"line":117,"column":2},"end":{"line":122,"column":3}},"type":"if","locations":[{"start":{"line":117,"column":2},"end":{"line":122,"column":3}},{"start":{"line":117,"column":2},"end":{"line":122,"column":3}}],"line":117},"10":{"loc":{"start":{"line":125,"column":2},"end":{"line":128,"column":3}},"type":"if","locations":[{"start":{"line":125,"column":2},"end":{"line":128,"column":3}},{"start":{"line":125,"column":2},"end":{"line":128,"column":3}}],"line":125},"11":{"loc":{"start":{"line":125,"column":6},"end":{"line":125,"column":45}},"type":"binary-expr","locations":[{"start":{"line":125,"column":6},"end":{"line":125,"column":22}},{"start":{"line":125,"column":26},"end":{"line":125,"column":45}}],"line":125},"12":{"loc":{"start":{"line":133,"column":2},"end":{"line":138,"column":3}},"type":"if","locations":[{"start":{"line":133,"column":2},"end":{"line":138,"column":3}},{"start":{"line":133,"column":2},"end":{"line":138,"column":3}}],"line":133},"13":{"loc":{"start":{"line":141,"column":4},"end":{"line":152,"column":5}},"type":"if","locations":[{"start":{"line":141,"column":4},"end":{"line":152,"column":5}},{"start":{"line":141,"column":4},"end":{"line":152,"column":5}}],"line":141}},"s":{"0":1,"1":1,"2":1,"3":1,"4":1,"5":1,"6":1,"7":1,"8":1,"9":14,"10":3,"11":11,"12":11,"13":4,"14":4,"15":7,"16":7,"17":2,"18":2,"19":5,"20":5,"21":0,"22":5,"23":5,"24":5,"25":3,"26":2,"27":1,"28":3,"29":3,"30":3,"31":3,"32":3,"33":3,"34":3,"35":3,"36":0,"37":0,"38":0,"39":1,"40":4,"41":0,"42":4,"43":1,"44":1,"45":3,"46":3,"47":0,"48":0,"49":3,"50":3,"51":3,"52":2,"53":2,"54":1,"55":1,"56":1,"57":1,"58":0,"59":1,"60":0,"61":0,"62":0,"63":1},"f":{"0":1,"1":14,"2":3,"3":4},"b":{"0":[13],"1":[3,11],"2":[4,7],"3":[11,9,8],"4":[2,5],"5":[2],"6":[3,0],"7":[4],"8":[0,4],"9":[1,3],"10":[0,3],"11":[3,0],"12":[2,1],"13":[1,0]},"_coverageSchema":"332fd63041d2c1bcb487cc26dd0d5f7d97098a6c","hash":"4dfb207c6dc3d700cb81de1372a0649b1c480fb3"}
,"/Users/fh/whats-next/server/middlewares/authMiddleware.js": {"path":"/Users/fh/whats-next/server/middlewares/authMiddleware.js","statementMap":{"0":{"start":{"line":1,"column":19},"end":{"line":1,"column":49}},"1":{"start":{"line":3,"column":18},"end":{"line":36,"column":1}},"2":{"start":{"line":5,"column":2},"end":{"line":10,"column":3}},"3":{"start":{"line":6,"column":4},"end":{"line":8,"column":6}},"4":{"start":{"line":9,"column":4},"end":{"line":9,"column":11}},"5":{"start":{"line":12,"column":28},"end":{"line":12,"column":64}},"6":{"start":{"line":14,"column":2},"end":{"line":25,"column":3}},"7":{"start":{"line":15,"column":4},"end":{"line":24,"column":5}},"8":{"start":{"line":16,"column":19},"end":{"line":16,"column":57}},"9":{"start":{"line":17,"column":8},"end":{"line":17,"column":23}},"10":{"start":{"line":20,"column":6},"end":{"line":22,"column":8}},"11":{"start":{"line":23,"column":6},"end":{"line":23,"column":13}},"12":{"start":{"line":27,"column":2},"end":{"line":32,"column":3}},"13":{"start":{"line":28,"column":4},"end":{"line":30,"column":6}},"14":{"start":{"line":31,"column":4},"end":{"line":31,"column":11}},"15":{"start":{"line":34,"column":2},"end":{"line":34,"column":15}},"16":{"start":{"line":38,"column":0},"end":{"line":38,"column":27}}},"fnMap":{"0":{"name":"(anonymous_0)","decl":{"start":{"line":3,"column":18},"end":{"line":3,"column":19}},"loc":{"start":{"line":3,"column":42},"end":{"line":36,"column":1}},"line":3}},"branchMap":{"0":{"loc":{"start":{"line":5,"column":2},"end":{"line":10,"column":3}},"type":"if","locations":[{"start":{"line":5,"column":2},"end":{"line":10,"column":3}},{"start":{"line":5,"column":2},"end":{"line":10,"column":3}}],"line":5},"1":{"loc":{"start":{"line":14,"column":2},"end":{"line":25,"column":3}},"type":"if","locations":[{"start":{"line":14,"column":2},"end":{"line":25,"column":3}},{"start":{"line":14,"column":2},"end":{"line":25,"column":3}}],"line":14},"2":{"loc":{"start":{"line":27,"column":2},"end":{"line":32,"column":3}},"type":"if","locations":[{"start":{"line":27,"column":2},"end":{"line":32,"column":3}},{"start":{"line":27,"column":2},"end":{"line":32,"column":3}}],"line":27}},"s":{"0":1,"1":1,"2":21,"3":1,"4":1,"5":20,"6":20,"7":20,"8":20,"9":16,"10":4,"11":4,"12":16,"13":0,"14":0,"15":16,"16":1},"f":{"0":21},"b":{"0":[1,20],"1":[20,0],"2":[0,16]},"_coverageSchema":"332fd63041d2c1bcb487cc26dd0d5f7d97098a6c","hash":"32bcf721eb75ac7f7a0036c40f8aab62cc44878a"}
,"/Users/fh/whats-next/server/middlewares/thirdPartyAuthentication.js": {"path":"/Users/fh/whats-next/server/middlewares/thirdPartyAuthentication.js","statementMap":{"0":{"start":{"line":1,"column":14},"end":{"line":1,"column":35}},"1":{"start":{"line":2,"column":23},"end":{"line":2,"column":25}},"2":{"start":{"line":3,"column":13},"end":{"line":3,"column":30}},"3":{"start":{"line":4,"column":0},"end":{"line":4,"column":14}},"4":{"start":{"line":6,"column":0},"end":{"line":18,"column":2}},"5":{"start":{"line":7,"column":22},"end":{"line":7,"column":53}},"6":{"start":{"line":8,"column":14},"end":{"line":8,"column":109}},"7":{"start":{"line":9,"column":21},"end":{"line":11,"column":4}},"8":{"start":{"line":12,"column":2},"end":{"line":12,"column":43}},"9":{"start":{"line":14,"column":2},"end":{"line":17,"column":4}},"10":{"start":{"line":20,"column":0},"end":{"line":20,"column":32}}},"fnMap":{"0":{"name":"(anonymous_0)","decl":{"start":{"line":6,"column":32},"end":{"line":6,"column":33}},"loc":{"start":{"line":6,"column":53},"end":{"line":18,"column":1}},"line":6}},"branchMap":{},"s":{"0":1,"1":1,"2":1,"3":1,"4":1,"5":3,"6":3,"7":3,"8":3,"9":3,"10":1},"f":{"0":3},"b":{},"_coverageSchema":"332fd63041d2c1bcb487cc26dd0d5f7d97098a6c","hash":"8e5ec778badef6bc0f51f75830a043e0665bdaba"}
,"/Users/fh/whats-next/server/mock_tests/mock.js": {"path":"/Users/fh/whats-next/server/mock_tests/mock.js","statementMap":{"0":{"start":{"line":1,"column":13},"end":{"line":1,"column":15}},"1":{"start":{"line":3,"column":0},"end":{"line":6,"column":3}},"2":{"start":{"line":8,"column":0},"end":{"line":21,"column":2}},"3":{"start":{"line":9,"column":2},"end":{"line":20,"column":4}},"4":{"start":{"line":25,"column":0},"end":{"line":38,"column":2}},"5":{"start":{"line":26,"column":2},"end":{"line":37,"column":4}},"6":{"start":{"line":40,"column":0},"end":{"line":59,"column":1}},"7":{"start":{"line":41,"column":2},"end":{"line":58,"column":3}},"8":{"start":{"line":42,"column":4},"end":{"line":57,"column":5}},"9":{"start":{"line":43,"column":6},"end":{"line":56,"column":7}},"10":{"start":{"line":61,"column":0},"end":{"line":61,"column":22}}},"fnMap":{"0":{"name":"(anonymous_0)","decl":{"start":{"line":8,"column":28},"end":{"line":8,"column":29}},"loc":{"start":{"line":8,"column":34},"end":{"line":21,"column":1}},"line":8},"1":{"name":"(anonymous_1)","decl":{"start":{"line":25,"column":30},"end":{"line":25,"column":31}},"loc":{"start":{"line":25,"column":36},"end":{"line":38,"column":1}},"line":25},"2":{"name":"(anonymous_2)","decl":{"start":{"line":40,"column":21},"end":{"line":40,"column":22}},"loc":{"start":{"line":40,"column":29},"end":{"line":59,"column":1}},"line":40},"3":{"name":"(anonymous_3)","decl":{"start":{"line":41,"column":9},"end":{"line":41,"column":10}},"loc":{"start":{"line":41,"column":21},"end":{"line":58,"column":3}},"line":41}},"branchMap":{"0":{"loc":{"start":{"line":42,"column":4},"end":{"line":57,"column":5}},"type":"if","locations":[{"start":{"line":42,"column":4},"end":{"line":57,"column":5}},{"start":{"line":42,"column":4},"end":{"line":57,"column":5}}],"line":42}},"s":{"0":1,"1":1,"2":1,"3":4,"4":1,"5":1,"6":1,"7":2,"8":4,"9":2,"10":1},"f":{"0":4,"1":1,"2":2,"3":4},"b":{"0":[2,2]},"_coverageSchema":"332fd63041d2c1bcb487cc26dd0d5f7d97098a6c","hash":"538833b460ca9fdb5b0b27342d6671d49b7a50a9"}
,"/Users/fh/whats-next/server/models/followModel.js": {"path":"/Users/fh/whats-next/server/models/followModel.js","statementMap":{"0":{"start":{"line":1,"column":21},"end":{"line":1,"column":23}},"1":{"start":{"line":2,"column":11},"end":{"line":2,"column":32}},"2":{"start":{"line":4,"column":0},"end":{"line":25,"column":2}},"3":{"start":{"line":5,"column":19},"end":{"line":10,"column":4}},"4":{"start":{"line":11,"column":2},"end":{"line":24,"column":3}},"5":{"start":{"line":12,"column":4},"end":{"line":12,"column":41}},"6":{"start":{"line":13,"column":17},"end":{"line":18,"column":6}},"7":{"start":{"line":20,"column":4},"end":{"line":23,"column":7}},"8":{"start":{"line":27,"column":0},"end":{"line":34,"column":2}},"9":{"start":{"line":28,"column":19},"end":{"line":32,"column":4}},"10":{"start":{"line":33,"column":2},"end":{"line":33,"column":53}},"11":{"start":{"line":33,"column":28},"end":{"line":33,"column":51}},"12":{"start":{"line":36,"column":0},"end":{"line":43,"column":2}},"13":{"start":{"line":37,"column":19},"end":{"line":41,"column":4}},"14":{"start":{"line":42,"column":2},"end":{"line":42,"column":53}},"15":{"start":{"line":42,"column":28},"end":{"line":42,"column":51}},"16":{"start":{"line":45,"column":0},"end":{"line":49,"column":2}},"17":{"start":{"line":46,"column":17},"end":{"line":46,"column":44}},"18":{"start":{"line":47,"column":2},"end":{"line":47,"column":57}},"19":{"start":{"line":47,"column":32},"end":{"line":47,"column":55}},"20":{"start":{"line":48,"column":2},"end":{"line":48,"column":18}},"21":{"start":{"line":51,"column":0},"end":{"line":51,"column":30}}},"fnMap":{"0":{"name":"(anonymous_0)","decl":{"start":{"line":4,"column":28},"end":{"line":4,"column":29}},"loc":{"start":{"line":4,"column":65},"end":{"line":25,"column":1}},"line":4},"1":{"name":"(anonymous_1)","decl":{"start":{"line":27,"column":36},"end":{"line":27,"column":37}},"loc":{"start":{"line":27,"column":48},"end":{"line":34,"column":1}},"line":27},"2":{"name":"(anonymous_2)","decl":{"start":{"line":33,"column":22},"end":{"line":33,"column":23}},"loc":{"start":{"line":33,"column":28},"end":{"line":33,"column":51}},"line":33},"3":{"name":"(anonymous_3)","decl":{"start":{"line":36,"column":36},"end":{"line":36,"column":37}},"loc":{"start":{"line":36,"column":48},"end":{"line":43,"column":1}},"line":36},"4":{"name":"(anonymous_4)","decl":{"start":{"line":42,"column":22},"end":{"line":42,"column":23}},"loc":{"start":{"line":42,"column":28},"end":{"line":42,"column":51}},"line":42},"5":{"name":"(anonymous_5)","decl":{"start":{"line":45,"column":23},"end":{"line":45,"column":24}},"loc":{"start":{"line":45,"column":35},"end":{"line":49,"column":1}},"line":45},"6":{"name":"(anonymous_6)","decl":{"start":{"line":47,"column":26},"end":{"line":47,"column":27}},"loc":{"start":{"line":47,"column":32},"end":{"line":47,"column":55}},"line":47}},"branchMap":{"0":{"loc":{"start":{"line":11,"column":2},"end":{"line":24,"column":3}},"type":"if","locations":[{"start":{"line":11,"column":2},"end":{"line":24,"column":3}},{"start":{"line":11,"column":2},"end":{"line":24,"column":3}}],"line":11}},"s":{"0":1,"1":1,"2":1,"3":9,"4":9,"5":1,"6":1,"7":8,"8":1,"9":1,"10":1,"11":1,"12":1,"13":1,"14":1,"15":1,"16":1,"17":3,"18":3,"19":3,"20":3,"21":1},"f":{"0":9,"1":1,"2":1,"3":1,"4":1,"5":3,"6":3},"b":{"0":[1,8]},"_coverageSchema":"332fd63041d2c1bcb487cc26dd0d5f7d97098a6c","hash":"5de106a45c72f738be3b9941e6825dea4a1ae511"}
,"/Users/fh/whats-next/server/models/showModel.js": {"path":"/Users/fh/whats-next/server/models/showModel.js","statementMap":{"0":{"start":{"line":1,"column":19},"end":{"line":1,"column":21}},"1":{"start":{"line":2,"column":11},"end":{"line":2,"column":32}},"2":{"start":{"line":3,"column":11},"end":{"line":3,"column":26}},"3":{"start":{"line":4,"column":14},"end":{"line":4,"column":35}},"4":{"start":{"line":6,"column":0},"end":{"line":11,"column":2}},"5":{"start":{"line":7,"column":2},"end":{"line":10,"column":4}},"6":{"start":{"line":13,"column":0},"end":{"line":19,"column":1}},"7":{"start":{"line":14,"column":17},"end":{"line":16,"column":4}},"8":{"start":{"line":17,"column":2},"end":{"line":18,"column":36}},"9":{"start":{"line":18,"column":13},"end":{"line":18,"column":34}},"10":{"start":{"line":21,"column":0},"end":{"line":39,"column":2}},"11":{"start":{"line":22,"column":2},"end":{"line":38,"column":5}},"12":{"start":{"line":41,"column":0},"end":{"line":55,"column":1}},"13":{"start":{"line":42,"column":2},"end":{"line":54,"column":4}},"14":{"start":{"line":44,"column":30},"end":{"line":50,"column":8}},"15":{"start":{"line":51,"column":6},"end":{"line":51,"column":45}},"16":{"start":{"line":52,"column":6},"end":{"line":52,"column":18}},"17":{"start":{"line":57,"column":0},"end":{"line":61,"column":2}},"18":{"start":{"line":58,"column":2},"end":{"line":60,"column":5}},"19":{"start":{"line":63,"column":0},"end":{"line":67,"column":1}},"20":{"start":{"line":64,"column":2},"end":{"line":66,"column":5}},"21":{"start":{"line":69,"column":0},"end":{"line":82,"column":2}},"22":{"start":{"line":70,"column":4},"end":{"line":81,"column":7}},"23":{"start":{"line":85,"column":0},"end":{"line":91,"column":1}},"24":{"start":{"line":86,"column":2},"end":{"line":90,"column":4}},"25":{"start":{"line":93,"column":0},"end":{"line":98,"column":2}},"26":{"start":{"line":94,"column":20},"end":{"line":94,"column":42}},"27":{"start":{"line":95,"column":2},"end":{"line":97,"column":24}},"28":{"start":{"line":95,"column":18},"end":{"line":95,"column":71}},"29":{"start":{"line":96,"column":7},"end":{"line":97,"column":24}},"30":{"start":{"line":96,"column":48},"end":{"line":96,"column":99}},"31":{"start":{"line":97,"column":7},"end":{"line":97,"column":24}},"32":{"start":{"line":100,"column":22},"end":{"line":102,"column":1}},"33":{"start":{"line":101,"column":2},"end":{"line":101,"column":36}},"34":{"start":{"line":104,"column":0},"end":{"line":110,"column":1}},"35":{"start":{"line":105,"column":2},"end":{"line":109,"column":4}},"36":{"start":{"line":112,"column":0},"end":{"line":138,"column":2}},"37":{"start":{"line":113,"column":15},"end":{"line":113,"column":38}},"38":{"start":{"line":114,"column":2},"end":{"line":137,"column":17}},"39":{"start":{"line":115,"column":20},"end":{"line":115,"column":64}},"40":{"start":{"line":117,"column":6},"end":{"line":117,"column":66}},"41":{"start":{"line":118,"column":18},"end":{"line":129,"column":5}},"42":{"start":{"line":126,"column":33},"end":{"line":126,"column":38}},"43":{"start":{"line":127,"column":49},"end":{"line":127,"column":54}},"44":{"start":{"line":130,"column":17},"end":{"line":130,"column":46}},"45":{"start":{"line":131,"column":4},"end":{"line":134,"column":5}},"46":{"start":{"line":132,"column":6},"end":{"line":132,"column":46}},"47":{"start":{"line":133,"column":6},"end":{"line":133,"column":54}},"48":{"start":{"line":135,"column":4},"end":{"line":135,"column":16}},"49":{"start":{"line":137,"column":7},"end":{"line":137,"column":17}},"50":{"start":{"line":140,"column":20},"end":{"line":142,"column":1}},"51":{"start":{"line":141,"column":2},"end":{"line":141,"column":37}},"52":{"start":{"line":145,"column":0},"end":{"line":160,"column":2}},"53":{"start":{"line":146,"column":15},"end":{"line":146,"column":37}},"54":{"start":{"line":147,"column":15},"end":{"line":147,"column":38}},"55":{"start":{"line":148,"column":18},"end":{"line":148,"column":62}},"56":{"start":{"line":149,"column":26},"end":{"line":149,"column":86}},"57":{"start":{"line":150,"column":16},"end":{"line":154,"column":3}},"58":{"start":{"line":152,"column":31},"end":{"line":152,"column":36}},"59":{"start":{"line":153,"column":47},"end":{"line":153,"column":52}},"60":{"start":{"line":155,"column":2},"end":{"line":155,"column":35}},"61":{"start":{"line":156,"column":2},"end":{"line":156,"column":57}},"62":{"start":{"line":157,"column":2},"end":{"line":157,"column":65}},"63":{"start":{"line":158,"column":22},"end":{"line":158,"column":44}},"64":{"start":{"line":159,"column":2},"end":{"line":159,"column":21}},"65":{"start":{"line":162,"column":20},"end":{"line":164,"column":1}},"66":{"start":{"line":163,"column":2},"end":{"line":163,"column":42}},"67":{"start":{"line":166,"column":23},"end":{"line":172,"column":1}},"68":{"start":{"line":167,"column":14},"end":{"line":167,"column":33}},"69":{"start":{"line":168,"column":2},"end":{"line":171,"column":30}},"70":{"start":{"line":171,"column":18},"end":{"line":171,"column":29}},"71":{"start":{"line":176,"column":2},"end":{"line":183,"column":4}},"72":{"start":{"line":178,"column":17},"end":{"line":178,"column":57}},"73":{"start":{"line":179,"column":6},"end":{"line":181,"column":7}},"74":{"start":{"line":180,"column":8},"end":{"line":180,"column":62}},"75":{"start":{"line":190,"column":0},"end":{"line":194,"column":2}},"76":{"start":{"line":191,"column":14},"end":{"line":191,"column":33}},"77":{"start":{"line":192,"column":18},"end":{"line":192,"column":51}},"78":{"start":{"line":193,"column":2},"end":{"line":193,"column":62}},"79":{"start":{"line":193,"column":29},"end":{"line":193,"column":59}},"80":{"start":{"line":196,"column":26},"end":{"line":201,"column":1}},"81":{"start":{"line":197,"column":17},"end":{"line":199,"column":31}},"82":{"start":{"line":198,"column":18},"end":{"line":198,"column":29}},"83":{"start":{"line":199,"column":18},"end":{"line":199,"column":30}},"84":{"start":{"line":200,"column":2},"end":{"line":200,"column":16}},"85":{"start":{"line":203,"column":0},"end":{"line":203,"column":28}}},"fnMap":{"0":{"name":"(anonymous_0)","decl":{"start":{"line":6,"column":30},"end":{"line":6,"column":31}},"loc":{"start":{"line":6,"column":48},"end":{"line":11,"column":1}},"line":6},"1":{"name":"(anonymous_1)","decl":{"start":{"line":13,"column":21},"end":{"line":13,"column":22}},"loc":{"start":{"line":13,"column":36},"end":{"line":19,"column":1}},"line":13},"2":{"name":"(anonymous_2)","decl":{"start":{"line":18,"column":7},"end":{"line":18,"column":8}},"loc":{"start":{"line":18,"column":13},"end":{"line":18,"column":34}},"line":18},"3":{"name":"(anonymous_3)","decl":{"start":{"line":21,"column":23},"end":{"line":21,"column":24}},"loc":{"start":{"line":21,"column":56},"end":{"line":39,"column":1}},"line":21},"4":{"name":"(anonymous_4)","decl":{"start":{"line":41,"column":27},"end":{"line":41,"column":28}},"loc":{"start":{"line":41,"column":44},"end":{"line":55,"column":1}},"line":41},"5":{"name":"(anonymous_5)","decl":{"start":{"line":43,"column":14},"end":{"line":43,"column":15}},"loc":{"start":{"line":43,"column":28},"end":{"line":53,"column":5}},"line":43},"6":{"name":"(anonymous_6)","decl":{"start":{"line":57,"column":25},"end":{"line":57,"column":26}},"loc":{"start":{"line":57,"column":41},"end":{"line":61,"column":1}},"line":57},"7":{"name":"(anonymous_7)","decl":{"start":{"line":63,"column":33},"end":{"line":63,"column":34}},"loc":{"start":{"line":63,"column":49},"end":{"line":67,"column":1}},"line":63},"8":{"name":"getShowForUser","decl":{"start":{"line":69,"column":37},"end":{"line":69,"column":51}},"loc":{"start":{"line":69,"column":64},"end":{"line":82,"column":1}},"line":69},"9":{"name":"completeInfo","decl":{"start":{"line":85,"column":35},"end":{"line":85,"column":47}},"loc":{"start":{"line":85,"column":54},"end":{"line":91,"column":1}},"line":85},"10":{"name":"createOrUpdateShow","decl":{"start":{"line":93,"column":47},"end":{"line":93,"column":65}},"loc":{"start":{"line":93,"column":132},"end":{"line":98,"column":1}},"line":93},"11":{"name":"(anonymous_11)","decl":{"start":{"line":100,"column":22},"end":{"line":100,"column":23}},"loc":{"start":{"line":100,"column":36},"end":{"line":102,"column":1}},"line":100},"12":{"name":"completeInfo","decl":{"start":{"line":104,"column":35},"end":{"line":104,"column":47}},"loc":{"start":{"line":104,"column":54},"end":{"line":110,"column":1}},"line":104},"13":{"name":"createShow","decl":{"start":{"line":112,"column":39},"end":{"line":112,"column":49}},"loc":{"start":{"line":112,"column":129},"end":{"line":138,"column":1}},"line":112},"14":{"name":"(anonymous_14)","decl":{"start":{"line":126,"column":27},"end":{"line":126,"column":28}},"loc":{"start":{"line":126,"column":33},"end":{"line":126,"column":38}},"line":126},"15":{"name":"(anonymous_15)","decl":{"start":{"line":127,"column":43},"end":{"line":127,"column":44}},"loc":{"start":{"line":127,"column":49},"end":{"line":127,"column":54}},"line":127},"16":{"name":"(anonymous_16)","decl":{"start":{"line":140,"column":20},"end":{"line":140,"column":21}},"loc":{"start":{"line":140,"column":37},"end":{"line":142,"column":1}},"line":140},"17":{"name":"updateShowInfo","decl":{"start":{"line":145,"column":43},"end":{"line":145,"column":57}},"loc":{"start":{"line":145,"column":150},"end":{"line":160,"column":1}},"line":145},"18":{"name":"(anonymous_18)","decl":{"start":{"line":152,"column":25},"end":{"line":152,"column":26}},"loc":{"start":{"line":152,"column":31},"end":{"line":152,"column":36}},"line":152},"19":{"name":"(anonymous_19)","decl":{"start":{"line":153,"column":41},"end":{"line":153,"column":42}},"loc":{"start":{"line":153,"column":47},"end":{"line":153,"column":52}},"line":153},"20":{"name":"(anonymous_20)","decl":{"start":{"line":162,"column":20},"end":{"line":162,"column":21}},"loc":{"start":{"line":162,"column":45},"end":{"line":164,"column":1}},"line":162},"21":{"name":"(anonymous_21)","decl":{"start":{"line":166,"column":23},"end":{"line":166,"column":24}},"loc":{"start":{"line":166,"column":37},"end":{"line":172,"column":1}},"line":166},"22":{"name":"(anonymous_22)","decl":{"start":{"line":171,"column":10},"end":{"line":171,"column":11}},"loc":{"start":{"line":171,"column":18},"end":{"line":171,"column":29}},"line":171},"23":{"name":"createRelatedShows","decl":{"start":{"line":175,"column":15},"end":{"line":175,"column":33}},"loc":{"start":{"line":175,"column":61},"end":{"line":184,"column":1}},"line":175},"24":{"name":"(anonymous_24)","decl":{"start":{"line":177,"column":19},"end":{"line":177,"column":20}},"loc":{"start":{"line":177,"column":31},"end":{"line":182,"column":5}},"line":177},"25":{"name":"searchShows","decl":{"start":{"line":190,"column":40},"end":{"line":190,"column":51}},"loc":{"start":{"line":190,"column":96},"end":{"line":194,"column":1}},"line":190},"26":{"name":"(anonymous_26)","decl":{"start":{"line":193,"column":21},"end":{"line":193,"column":22}},"loc":{"start":{"line":193,"column":29},"end":{"line":193,"column":59}},"line":193},"27":{"name":"(anonymous_27)","decl":{"start":{"line":196,"column":26},"end":{"line":196,"column":27}},"loc":{"start":{"line":196,"column":47},"end":{"line":201,"column":1}},"line":196},"28":{"name":"(anonymous_28)","decl":{"start":{"line":198,"column":10},"end":{"line":198,"column":11}},"loc":{"start":{"line":198,"column":18},"end":{"line":198,"column":29}},"line":198},"29":{"name":"(anonymous_29)","decl":{"start":{"line":199,"column":10},"end":{"line":199,"column":11}},"loc":{"start":{"line":199,"column":18},"end":{"line":199,"column":30}},"line":199}},"branchMap":{"0":{"loc":{"start":{"line":87,"column":4},"end":{"line":89,"column":33}},"type":"binary-expr","locations":[{"start":{"line":87,"column":4},"end":{"line":87,"column":28}},{"start":{"line":88,"column":4},"end":{"line":88,"column":25}},{"start":{"line":89,"column":4},"end":{"line":89,"column":33}}],"line":87},"1":{"loc":{"start":{"line":93,"column":70},"end":{"line":93,"column":98}},"type":"default-arg","locations":[{"start":{"line":93,"column":85},"end":{"line":93,"column":98}}],"line":93},"2":{"loc":{"start":{"line":93,"column":100},"end":{"line":93,"column":130}},"type":"default-arg","locations":[{"start":{"line":93,"column":116},"end":{"line":93,"column":130}}],"line":93},"3":{"loc":{"start":{"line":95,"column":2},"end":{"line":97,"column":24}},"type":"if","locations":[{"start":{"line":95,"column":2},"end":{"line":97,"column":24}},{"start":{"line":95,"column":2},"end":{"line":97,"column":24}}],"line":95},"4":{"loc":{"start":{"line":96,"column":7},"end":{"line":97,"column":24}},"type":"if","locations":[{"start":{"line":96,"column":7},"end":{"line":97,"column":24}},{"start":{"line":96,"column":7},"end":{"line":97,"column":24}}],"line":96},"5":{"loc":{"start":{"line":106,"column":4},"end":{"line":108,"column":33}},"type":"binary-expr","locations":[{"start":{"line":106,"column":4},"end":{"line":106,"column":28}},{"start":{"line":107,"column":4},"end":{"line":107,"column":25}},{"start":{"line":108,"column":4},"end":{"line":108,"column":33}}],"line":106},"6":{"loc":{"start":{"line":112,"column":54},"end":{"line":112,"column":69}},"type":"default-arg","locations":[{"start":{"line":112,"column":64},"end":{"line":112,"column":69}}],"line":112},"7":{"loc":{"start":{"line":112,"column":71},"end":{"line":112,"column":101}},"type":"default-arg","locations":[{"start":{"line":112,"column":87},"end":{"line":112,"column":101}}],"line":112},"8":{"loc":{"start":{"line":112,"column":103},"end":{"line":112,"column":127}},"type":"default-arg","locations":[{"start":{"line":112,"column":116},"end":{"line":112,"column":127}}],"line":112},"9":{"loc":{"start":{"line":114,"column":2},"end":{"line":137,"column":17}},"type":"if","locations":[{"start":{"line":114,"column":2},"end":{"line":137,"column":17}},{"start":{"line":114,"column":2},"end":{"line":137,"column":17}}],"line":114},"10":{"loc":{"start":{"line":114,"column":6},"end":{"line":114,"column":37}},"type":"binary-expr","locations":[{"start":{"line":114,"column":6},"end":{"line":114,"column":10}},{"start":{"line":114,"column":14},"end":{"line":114,"column":37}}],"line":114},"11":{"loc":{"start":{"line":115,"column":20},"end":{"line":115,"column":64}},"type":"binary-expr","locations":[{"start":{"line":115,"column":21},"end":{"line":115,"column":33}},{"start":{"line":115,"column":37},"end":{"line":115,"column":57}},{"start":{"line":115,"column":62},"end":{"line":115,"column":64}}],"line":115},"12":{"loc":{"start":{"line":117,"column":6},"end":{"line":117,"column":66}},"type":"binary-expr","locations":[{"start":{"line":117,"column":7},"end":{"line":117,"column":27}},{"start":{"line":117,"column":31},"end":{"line":117,"column":59}},{"start":{"line":117,"column":64},"end":{"line":117,"column":66}}],"line":117},"13":{"loc":{"start":{"line":131,"column":4},"end":{"line":134,"column":5}},"type":"if","locations":[{"start":{"line":131,"column":4},"end":{"line":134,"column":5}},{"start":{"line":131,"column":4},"end":{"line":134,"column":5}}],"line":131},"14":{"loc":{"start":{"line":145,"column":62},"end":{"line":145,"column":92}},"type":"default-arg","locations":[{"start":{"line":145,"column":78},"end":{"line":145,"column":92}}],"line":145},"15":{"loc":{"start":{"line":145,"column":94},"end":{"line":145,"column":122}},"type":"default-arg","locations":[{"start":{"line":145,"column":109},"end":{"line":145,"column":122}}],"line":145},"16":{"loc":{"start":{"line":145,"column":124},"end":{"line":145,"column":148}},"type":"default-arg","locations":[{"start":{"line":145,"column":137},"end":{"line":145,"column":148}}],"line":145},"17":{"loc":{"start":{"line":148,"column":18},"end":{"line":148,"column":62}},"type":"binary-expr","locations":[{"start":{"line":148,"column":19},"end":{"line":148,"column":31}},{"start":{"line":148,"column":35},"end":{"line":148,"column":55}},{"start":{"line":148,"column":60},"end":{"line":148,"column":62}}],"line":148},"18":{"loc":{"start":{"line":149,"column":26},"end":{"line":149,"column":86}},"type":"binary-expr","locations":[{"start":{"line":149,"column":27},"end":{"line":149,"column":47}},{"start":{"line":149,"column":51},"end":{"line":149,"column":79}},{"start":{"line":149,"column":84},"end":{"line":149,"column":86}}],"line":149},"19":{"loc":{"start":{"line":179,"column":6},"end":{"line":181,"column":7}},"type":"if","locations":[{"start":{"line":179,"column":6},"end":{"line":181,"column":7}},{"start":{"line":179,"column":6},"end":{"line":181,"column":7}}],"line":179},"20":{"loc":{"start":{"line":190,"column":58},"end":{"line":190,"column":94}},"type":"default-arg","locations":[{"start":{"line":190,"column":77},"end":{"line":190,"column":94}}],"line":190}},"s":{"0":1,"1":1,"2":1,"3":1,"4":1,"5":0,"6":1,"7":4,"8":4,"9":8,"10":1,"11":0,"12":1,"13":0,"14":0,"15":0,"16":0,"17":1,"18":2,"19":1,"20":1,"21":1,"22":9,"23":1,"24":0,"25":1,"26":8,"27":6,"28":3,"29":3,"30":1,"31":2,"32":1,"33":7,"34":1,"35":3,"36":1,"37":5,"38":5,"39":2,"40":2,"41":2,"42":22,"43":22,"44":2,"45":2,"46":0,"47":0,"48":2,"49":3,"50":1,"51":2,"52":1,"53":1,"54":1,"55":1,"56":1,"57":1,"58":2,"59":2,"60":1,"61":1,"62":1,"63":1,"64":1,"65":1,"66":1,"67":1,"68":2,"69":2,"70":2,"71":2,"72":4,"73":4,"74":2,"75":1,"76":4,"77":4,"78":4,"79":24,"80":1,"81":4,"82":4,"83":4,"84":4,"85":1},"f":{"0":0,"1":4,"2":8,"3":0,"4":0,"5":0,"6":2,"7":1,"8":9,"9":0,"10":8,"11":7,"12":3,"13":5,"14":22,"15":22,"16":2,"17":1,"18":2,"19":2,"20":1,"21":2,"22":2,"23":2,"24":4,"25":4,"26":24,"27":4,"28":4,"29":4},"b":{"0":[0,0,0],"1":[5],"2":[6],"3":[3,3],"4":[1,2],"5":[3,3,2],"6":[0],"7":[0],"8":[5],"9":[2,3],"10":[5,3],"11":[2,2,0],"12":[2,2,0],"13":[0,2],"14":[0],"15":[1],"16":[1],"17":[1,1,0],"18":[1,1,0],"19":[2,2],"20":[4]},"_coverageSchema":"332fd63041d2c1bcb487cc26dd0d5f7d97098a6c","hash":"2b0dda2a38cc699e04b0c2f62b414a4768a727e4"}
,"/Users/fh/whats-next/server/models/trackingModel.js": {"path":"/Users/fh/whats-next/server/models/trackingModel.js","statementMap":{"0":{"start":{"line":1,"column":23},"end":{"line":1,"column":25}},"1":{"start":{"line":2,"column":11},"end":{"line":2,"column":32}},"2":{"start":{"line":5,"column":0},"end":{"line":14,"column":1}},"3":{"start":{"line":6,"column":2},"end":{"line":13,"column":39}},"4":{"start":{"line":10,"column":6},"end":{"line":10,"column":31}},"5":{"start":{"line":11,"column":6},"end":{"line":11,"column":22}},"6":{"start":{"line":13,"column":22},"end":{"line":13,"column":37}},"7":{"start":{"line":16,"column":0},"end":{"line":25,"column":1}},"8":{"start":{"line":17,"column":2},"end":{"line":24,"column":39}},"9":{"start":{"line":21,"column":6},"end":{"line":21,"column":31}},"10":{"start":{"line":22,"column":6},"end":{"line":22,"column":22}},"11":{"start":{"line":24,"column":22},"end":{"line":24,"column":37}},"12":{"start":{"line":27,"column":0},"end":{"line":36,"column":1}},"13":{"start":{"line":28,"column":2},"end":{"line":35,"column":39}},"14":{"start":{"line":32,"column":6},"end":{"line":32,"column":31}},"15":{"start":{"line":33,"column":6},"end":{"line":33,"column":22}},"16":{"start":{"line":35,"column":22},"end":{"line":35,"column":37}},"17":{"start":{"line":38,"column":0},"end":{"line":40,"column":1}},"18":{"start":{"line":39,"column":2},"end":{"line":39,"column":33}},"19":{"start":{"line":42,"column":0},"end":{"line":42,"column":32}}},"fnMap":{"0":{"name":"(anonymous_0)","decl":{"start":{"line":5,"column":36},"end":{"line":5,"column":37}},"loc":{"start":{"line":5,"column":70},"end":{"line":14,"column":1}},"line":5},"1":{"name":"(anonymous_1)","decl":{"start":{"line":9,"column":12},"end":{"line":9,"column":13}},"loc":{"start":{"line":9,"column":24},"end":{"line":12,"column":5}},"line":9},"2":{"name":"(anonymous_2)","decl":{"start":{"line":13,"column":10},"end":{"line":13,"column":11}},"loc":{"start":{"line":13,"column":22},"end":{"line":13,"column":37}},"line":13},"3":{"name":"(anonymous_3)","decl":{"start":{"line":16,"column":36},"end":{"line":16,"column":37}},"loc":{"start":{"line":16,"column":70},"end":{"line":25,"column":1}},"line":16},"4":{"name":"(anonymous_4)","decl":{"start":{"line":20,"column":12},"end":{"line":20,"column":13}},"loc":{"start":{"line":20,"column":24},"end":{"line":23,"column":5}},"line":20},"5":{"name":"(anonymous_5)","decl":{"start":{"line":24,"column":10},"end":{"line":24,"column":11}},"loc":{"start":{"line":24,"column":22},"end":{"line":24,"column":37}},"line":24},"6":{"name":"(anonymous_6)","decl":{"start":{"line":27,"column":36},"end":{"line":27,"column":37}},"loc":{"start":{"line":27,"column":70},"end":{"line":36,"column":1}},"line":27},"7":{"name":"(anonymous_7)","decl":{"start":{"line":31,"column":12},"end":{"line":31,"column":13}},"loc":{"start":{"line":31,"column":24},"end":{"line":34,"column":5}},"line":31},"8":{"name":"(anonymous_8)","decl":{"start":{"line":35,"column":10},"end":{"line":35,"column":11}},"loc":{"start":{"line":35,"column":22},"end":{"line":35,"column":37}},"line":35},"9":{"name":"(anonymous_9)","decl":{"start":{"line":38,"column":25},"end":{"line":38,"column":26}},"loc":{"start":{"line":38,"column":31},"end":{"line":40,"column":1}},"line":38}},"branchMap":{},"s":{"0":1,"1":1,"2":1,"3":5,"4":1,"5":1,"6":1,"7":1,"8":3,"9":2,"10":2,"11":2,"12":1,"13":2,"14":1,"15":1,"16":1,"17":1,"18":0,"19":1},"f":{"0":5,"1":1,"2":1,"3":3,"4":2,"5":2,"6":2,"7":1,"8":1,"9":0},"b":{},"_coverageSchema":"332fd63041d2c1bcb487cc26dd0d5f7d97098a6c","hash":"4f69b304b213552d74ad4bb97f63aa3ebb34aacd"}
,"/Users/fh/whats-next/server/models/userModel.js": {"path":"/Users/fh/whats-next/server/models/userModel.js","statementMap":{"0":{"start":{"line":1,"column":19},"end":{"line":1,"column":21}},"1":{"start":{"line":2,"column":11},"end":{"line":2,"column":32}},"2":{"start":{"line":3,"column":11},"end":{"line":3,"column":26}},"3":{"start":{"line":5,"column":0},"end":{"line":21,"column":2}},"4":{"start":{"line":6,"column":15},"end":{"line":19,"column":4}},"5":{"start":{"line":20,"column":2},"end":{"line":20,"column":35}},"6":{"start":{"line":23,"column":0},"end":{"line":30,"column":2}},"7":{"start":{"line":24,"column":15},"end":{"line":28,"column":4}},"8":{"start":{"line":29,"column":2},"end":{"line":29,"column":14}},"9":{"start":{"line":32,"column":0},"end":{"line":39,"column":2}},"10":{"start":{"line":33,"column":15},"end":{"line":37,"column":4}},"11":{"start":{"line":38,"column":2},"end":{"line":38,"column":35}},"12":{"start":{"line":41,"column":0},"end":{"line":52,"column":2}},"13":{"start":{"line":42,"column":2},"end":{"line":44,"column":88}},"14":{"start":{"line":43,"column":4},"end":{"line":44,"column":88}},"15":{"start":{"line":45,"column":2},"end":{"line":51,"column":5}},"16":{"start":{"line":54,"column":0},"end":{"line":93,"column":2}},"17":{"start":{"line":62,"column":2},"end":{"line":64,"column":88}},"18":{"start":{"line":63,"column":4},"end":{"line":64,"column":88}},"19":{"start":{"line":65,"column":15},"end":{"line":69,"column":4}},"20":{"start":{"line":70,"column":2},"end":{"line":70,"column":20}},"21":{"start":{"line":72,"column":2},"end":{"line":92,"column":31}},"22":{"start":{"line":85,"column":6},"end":{"line":85,"column":23}},"23":{"start":{"line":86,"column":6},"end":{"line":86,"column":31}},"24":{"start":{"line":87,"column":6},"end":{"line":87,"column":27}},"25":{"start":{"line":88,"column":6},"end":{"line":88,"column":33}},"26":{"start":{"line":89,"column":6},"end":{"line":89,"column":35}},"27":{"start":{"line":90,"column":6},"end":{"line":90,"column":18}},"28":{"start":{"line":92,"column":18},"end":{"line":92,"column":29}},"29":{"start":{"line":95,"column":0},"end":{"line":95,"column":28}}},"fnMap":{"0":{"name":"(anonymous_0)","decl":{"start":{"line":5,"column":21},"end":{"line":5,"column":22}},"loc":{"start":{"line":5,"column":33},"end":{"line":21,"column":1}},"line":5},"1":{"name":"(anonymous_1)","decl":{"start":{"line":23,"column":28},"end":{"line":23,"column":29}},"loc":{"start":{"line":23,"column":43},"end":{"line":30,"column":1}},"line":23},"2":{"name":"(anonymous_2)","decl":{"start":{"line":32,"column":28},"end":{"line":32,"column":29}},"loc":{"start":{"line":32,"column":43},"end":{"line":39,"column":1}},"line":32},"3":{"name":"(anonymous_3)","decl":{"start":{"line":41,"column":24},"end":{"line":41,"column":25}},"loc":{"start":{"line":41,"column":70},"end":{"line":52,"column":1}},"line":41},"4":{"name":"(anonymous_4)","decl":{"start":{"line":54,"column":30},"end":{"line":54,"column":31}},"loc":{"start":{"line":61,"column":5},"end":{"line":93,"column":1}},"line":61},"5":{"name":"(anonymous_5)","decl":{"start":{"line":84,"column":12},"end":{"line":84,"column":13}},"loc":{"start":{"line":84,"column":20},"end":{"line":91,"column":5}},"line":84},"6":{"name":"(anonymous_6)","decl":{"start":{"line":92,"column":10},"end":{"line":92,"column":11}},"loc":{"start":{"line":92,"column":18},"end":{"line":92,"column":29}},"line":92}},"branchMap":{"0":{"loc":{"start":{"line":42,"column":2},"end":{"line":44,"column":88}},"type":"if","locations":[{"start":{"line":42,"column":2},"end":{"line":44,"column":88}},{"start":{"line":42,"column":2},"end":{"line":44,"column":88}}],"line":42},"1":{"loc":{"start":{"line":62,"column":2},"end":{"line":64,"column":88}},"type":"if","locations":[{"start":{"line":62,"column":2},"end":{"line":64,"column":88}},{"start":{"line":62,"column":2},"end":{"line":64,"column":88}}],"line":62}},"s":{"0":1,"1":1,"2":1,"3":1,"4":0,"5":0,"6":1,"7":10,"8":10,"9":1,"10":20,"11":20,"12":1,"13":5,"14":1,"15":5,"16":1,"17":3,"18":0,"19":3,"20":3,"21":3,"22":3,"23":3,"24":3,"25":3,"26":3,"27":3,"28":3,"29":1},"f":{"0":0,"1":10,"2":20,"3":5,"4":3,"5":3,"6":3},"b":{"0":[1,4],"1":[0,3]},"_coverageSchema":"332fd63041d2c1bcb487cc26dd0d5f7d97098a6c","hash":"5c4bdc82747d49a1d956a31ebba7b5dbe946a893"}
,"/Users/fh/whats-next/server/schemas/follow.js": {"path":"/Users/fh/whats-next/server/schemas/follow.js","statementMap":{"0":{"start":{"line":2,"column":0},"end":{"line":28,"column":2}},"1":{"start":{"line":3,"column":17},"end":{"line":22,"column":8}},"2":{"start":{"line":23,"column":2},"end":{"line":26,"column":4}},"3":{"start":{"line":24,"column":4},"end":{"line":24,"column":83}},"4":{"start":{"line":25,"column":4},"end":{"line":25,"column":81}},"5":{"start":{"line":27,"column":2},"end":{"line":27,"column":16}}},"fnMap":{"0":{"name":"(anonymous_0)","decl":{"start":{"line":2,"column":17},"end":{"line":2,"column":18}},"loc":{"start":{"line":2,"column":43},"end":{"line":28,"column":1}},"line":2},"1":{"name":"(anonymous_1)","decl":{"start":{"line":23,"column":21},"end":{"line":23,"column":22}},"loc":{"start":{"line":23,"column":38},"end":{"line":26,"column":3}},"line":23}},"branchMap":{},"s":{"0":1,"1":1,"2":1,"3":1,"4":1,"5":1},"f":{"0":1,"1":1},"b":{},"_coverageSchema":"332fd63041d2c1bcb487cc26dd0d5f7d97098a6c","hash":"8b81f4722fdf1de55f124851733f688f478a57df"}
,"/Users/fh/whats-next/server/schemas/genre.js": {"path":"/Users/fh/whats-next/server/schemas/genre.js","statementMap":{"0":{"start":{"line":2,"column":0},"end":{"line":17,"column":2}},"1":{"start":{"line":3,"column":16},"end":{"line":14,"column":3}},"2":{"start":{"line":16,"column":2},"end":{"line":16,"column":15}}},"fnMap":{"0":{"name":"(anonymous_0)","decl":{"start":{"line":2,"column":17},"end":{"line":2,"column":18}},"loc":{"start":{"line":2,"column":43},"end":{"line":17,"column":1}},"line":2}},"branchMap":{},"s":{"0":1,"1":1,"2":1},"f":{"0":1},"b":{},"_coverageSchema":"332fd63041d2c1bcb487cc26dd0d5f7d97098a6c","hash":"6a2e64eab2cc663485290c27420989e0a69b6dce"}
,"/Users/fh/whats-next/server/schemas/index.js": {"path":"/Users/fh/whats-next/server/schemas/index.js","statementMap":{"0":{"start":{"line":3,"column":11},"end":{"line":3,"column":24}},"1":{"start":{"line":4,"column":13},"end":{"line":4,"column":28}},"2":{"start":{"line":5,"column":18},"end":{"line":5,"column":38}},"3":{"start":{"line":6,"column":17},"end":{"line":6,"column":42}},"4":{"start":{"line":7,"column":12},"end":{"line":7,"column":49}},"5":{"start":{"line":8,"column":15},"end":{"line":8,"column":65}},"6":{"start":{"line":9,"column":11},"end":{"line":9,"column":13}},"7":{"start":{"line":13,"column":0},"end":{"line":24,"column":1}},"8":{"start":{"line":14,"column":2},"end":{"line":14,"column":92}},"9":{"start":{"line":16,"column":2},"end":{"line":23,"column":4}},"10":{"start":{"line":26,"column":0},"end":{"line":35,"column":5}},"11":{"start":{"line":28,"column":4},"end":{"line":30,"column":6}},"12":{"start":{"line":33,"column":18},"end":{"line":33,"column":65}},"13":{"start":{"line":34,"column":4},"end":{"line":34,"column":27}},"14":{"start":{"line":37,"column":0},"end":{"line":41,"column":3}},"15":{"start":{"line":38,"column":2},"end":{"line":40,"column":3}},"16":{"start":{"line":39,"column":4},"end":{"line":39,"column":32}},"17":{"start":{"line":43,"column":0},"end":{"line":43,"column":25}},"18":{"start":{"line":44,"column":0},"end":{"line":44,"column":25}},"19":{"start":{"line":46,"column":0},"end":{"line":46,"column":20}}},"fnMap":{"0":{"name":"(anonymous_0)","decl":{"start":{"line":27,"column":10},"end":{"line":27,"column":11}},"loc":{"start":{"line":27,"column":18},"end":{"line":31,"column":3}},"line":27},"1":{"name":"(anonymous_1)","decl":{"start":{"line":32,"column":11},"end":{"line":32,"column":12}},"loc":{"start":{"line":32,"column":19},"end":{"line":35,"column":3}},"line":32},"2":{"name":"(anonymous_2)","decl":{"start":{"line":37,"column":24},"end":{"line":37,"column":25}},"loc":{"start":{"line":37,"column":37},"end":{"line":41,"column":1}},"line":37}},"branchMap":{"0":{"loc":{"start":{"line":7,"column":12},"end":{"line":7,"column":49}},"type":"binary-expr","locations":[{"start":{"line":7,"column":12},"end":{"line":7,"column":32}},{"start":{"line":7,"column":36},"end":{"line":7,"column":49}}],"line":7},"1":{"loc":{"start":{"line":13,"column":0},"end":{"line":24,"column":1}},"type":"if","locations":[{"start":{"line":13,"column":0},"end":{"line":24,"column":1}},{"start":{"line":13,"column":0},"end":{"line":24,"column":1}}],"line":13},"2":{"loc":{"start":{"line":29,"column":6},"end":{"line":29,"column":78}},"type":"binary-expr","locations":[{"start":{"line":29,"column":6},"end":{"line":29,"column":29}},{"start":{"line":29,"column":33},"end":{"line":29,"column":50}},{"start":{"line":29,"column":54},"end":{"line":29,"column":78}}],"line":29},"3":{"loc":{"start":{"line":38,"column":2},"end":{"line":40,"column":3}},"type":"if","locations":[{"start":{"line":38,"column":2},"end":{"line":40,"column":3}},{"start":{"line":38,"column":2},"end":{"line":40,"column":3}}],"line":38}},"s":{"0":1,"1":1,"2":1,"3":1,"4":1,"5":1,"6":1,"7":1,"8":0,"9":1,"10":1,"11":6,"12":5,"13":5,"14":1,"15":5,"16":4,"17":1,"18":1,"19":1},"f":{"0":6,"1":5,"2":5},"b":{"0":[1,0],"1":[0,1],"2":[6,6,5],"3":[4,1]},"_coverageSchema":"332fd63041d2c1bcb487cc26dd0d5f7d97098a6c","hash":"d407299fb3d91423c2a02e15e44bca542505fb0f"}
,"/Users/fh/whats-next/server/schemas/show.js": {"path":"/Users/fh/whats-next/server/schemas/show.js","statementMap":{"0":{"start":{"line":2,"column":0},"end":{"line":28,"column":2}},"1":{"start":{"line":3,"column":15},"end":{"line":18,"column":3}},"2":{"start":{"line":19,"column":2},"end":{"line":26,"column":4}},"3":{"start":{"line":20,"column":4},"end":{"line":20,"column":75}},"4":{"start":{"line":21,"column":4},"end":{"line":25,"column":7}},"5":{"start":{"line":27,"column":2},"end":{"line":27,"column":14}}},"fnMap":{"0":{"name":"(anonymous_0)","decl":{"start":{"line":2,"column":17},"end":{"line":2,"column":18}},"loc":{"start":{"line":2,"column":43},"end":{"line":28,"column":1}},"line":2},"1":{"name":"(anonymous_1)","decl":{"start":{"line":19,"column":19},"end":{"line":19,"column":20}},"loc":{"start":{"line":19,"column":36},"end":{"line":26,"column":3}},"line":19}},"branchMap":{},"s":{"0":1,"1":1,"2":1,"3":1,"4":1,"5":1},"f":{"0":1,"1":1},"b":{},"_coverageSchema":"332fd63041d2c1bcb487cc26dd0d5f7d97098a6c","hash":"bbfc73489095c2cb828bc026562477aa0529dd37"}
,"/Users/fh/whats-next/server/schemas/tracking.js": {"path":"/Users/fh/whats-next/server/schemas/tracking.js","statementMap":{"0":{"start":{"line":2,"column":0},"end":{"line":26,"column":2}},"1":{"start":{"line":3,"column":19},"end":{"line":20,"column":3}},"2":{"start":{"line":21,"column":2},"end":{"line":24,"column":4}},"3":{"start":{"line":22,"column":4},"end":{"line":22,"column":74}},"4":{"start":{"line":23,"column":4},"end":{"line":23,"column":74}},"5":{"start":{"line":25,"column":2},"end":{"line":25,"column":18}}},"fnMap":{"0":{"name":"(anonymous_0)","decl":{"start":{"line":2,"column":17},"end":{"line":2,"column":18}},"loc":{"start":{"line":2,"column":43},"end":{"line":26,"column":1}},"line":2},"1":{"name":"(anonymous_1)","decl":{"start":{"line":21,"column":23},"end":{"line":21,"column":24}},"loc":{"start":{"line":21,"column":40},"end":{"line":24,"column":3}},"line":21}},"branchMap":{},"s":{"0":1,"1":1,"2":1,"3":1,"4":1,"5":1},"f":{"0":1,"1":1},"b":{},"_coverageSchema":"332fd63041d2c1bcb487cc26dd0d5f7d97098a6c","hash":"08b6ea36931b01259e41684f06f398a257621ff1"}
,"/Users/fh/whats-next/server/schemas/user.js": {"path":"/Users/fh/whats-next/server/schemas/user.js","statementMap":{"0":{"start":{"line":2,"column":12},"end":{"line":2,"column":26}},"1":{"start":{"line":4,"column":0},"end":{"line":58,"column":2}},"2":{"start":{"line":5,"column":15},"end":{"line":38,"column":3}},"3":{"start":{"line":39,"column":2},"end":{"line":56,"column":4}},"4":{"start":{"line":40,"column":4},"end":{"line":40,"column":77}},"5":{"start":{"line":41,"column":4},"end":{"line":45,"column":7}},"6":{"start":{"line":46,"column":4},"end":{"line":50,"column":7}},"7":{"start":{"line":51,"column":4},"end":{"line":55,"column":6}},"8":{"start":{"line":57,"column":2},"end":{"line":57,"column":14}}},"fnMap":{"0":{"name":"(anonymous_0)","decl":{"start":{"line":4,"column":17},"end":{"line":4,"column":18}},"loc":{"start":{"line":4,"column":43},"end":{"line":58,"column":1}},"line":4},"1":{"name":"(anonymous_1)","decl":{"start":{"line":39,"column":19},"end":{"line":39,"column":20}},"loc":{"start":{"line":39,"column":36},"end":{"line":56,"column":3}},"line":39}},"branchMap":{},"s":{"0":1,"1":1,"2":1,"3":1,"4":1,"5":1,"6":1,"7":1,"8":1},"f":{"0":1,"1":1},"b":{},"_coverageSchema":"332fd63041d2c1bcb487cc26dd0d5f7d97098a6c","hash":"c62d160caf571c8b1fff6000d5401fd738df4be3"}
,"/Users/fh/whats-next/server/testSeeding/trackingSeeders.js": {"path":"/Users/fh/whats-next/server/testSeeding/trackingSeeders.js","statementMap":{"0":{"start":{"line":2,"column":0},"end":{"line":83,"column":2}},"1":{"start":{"line":4,"column":4},"end":{"line":47,"column":8}},"2":{"start":{"line":50,"column":4},"end":{"line":69,"column":9}},"3":{"start":{"line":72,"column":4},"end":{"line":72,"column":56}},"4":{"start":{"line":75,"column":4},"end":{"line":75,"column":56}},"5":{"start":{"line":78,"column":4},"end":{"line":78,"column":59}},"6":{"start":{"line":81,"column":4},"end":{"line":81,"column":57}}},"fnMap":{"0":{"name":"(anonymous_0)","decl":{"start":{"line":3,"column":11},"end":{"line":3,"column":12}},"loc":{"start":{"line":3,"column":29},"end":{"line":48,"column":3}},"line":3},"1":{"name":"(anonymous_1)","decl":{"start":{"line":49,"column":11},"end":{"line":49,"column":12}},"loc":{"start":{"line":49,"column":29},"end":{"line":70,"column":3}},"line":49},"2":{"name":"(anonymous_2)","decl":{"start":{"line":71,"column":13},"end":{"line":71,"column":14}},"loc":{"start":{"line":71,"column":31},"end":{"line":73,"column":3}},"line":71},"3":{"name":"(anonymous_3)","decl":{"start":{"line":74,"column":13},"end":{"line":74,"column":14}},"loc":{"start":{"line":74,"column":31},"end":{"line":76,"column":3}},"line":74},"4":{"name":"(anonymous_4)","decl":{"start":{"line":77,"column":16},"end":{"line":77,"column":17}},"loc":{"start":{"line":77,"column":34},"end":{"line":79,"column":3}},"line":77},"5":{"name":"(anonymous_5)","decl":{"start":{"line":80,"column":17},"end":{"line":80,"column":18}},"loc":{"start":{"line":80,"column":35},"end":{"line":82,"column":3}},"line":80}},"branchMap":{},"s":{"0":1,"1":21,"2":32,"3":38,"4":64,"5":19,"6":8},"f":{"0":21,"1":32,"2":38,"3":64,"4":19,"5":8},"b":{},"_coverageSchema":"332fd63041d2c1bcb487cc26dd0d5f7d97098a6c","hash":"683a97d888c4b40a44d7d18ac66f5c322291a7c0"}
}
