TN:
SF:/Users/fh/whats-next/server/router.js
FN:9,(anonymous_0)
FNF:1
FNH:1
FNDA:1,(anonymous_0)
DA:1,1
DA:2,1
DA:3,1
DA:4,1
DA:5,1
DA:7,1
DA:9,1
DA:10,1
DA:13,1
DA:25,1
LF:10
LH:10
BRF:0
BRH:0
end_of_record
TN:
SF:/Users/fh/whats-next/server/server.js
FN:14,(anonymous_0)
FNF:1
FNH:0
FNDA:0,(anonymous_0)
DA:1,1
DA:2,1
DA:3,1
DA:4,1
DA:5,1
DA:6,1
DA:8,1
DA:10,1
DA:15,0
DA:18,1
LF:10
LH:9
BRF:0
BRH:0
end_of_record
TN:
SF:/Users/fh/whats-next/server/controllers/showsController.js
FN:4,(anonymous_0)
FN:7,(anonymous_1)
FN:13,(anonymous_2)
FN:30,(anonymous_3)
FNF:4
FNH:2
FNDA:0,(anonymous_0)
FNDA:0,(anonymous_1)
FNDA:4,(anonymous_2)
FNDA:4,(anonymous_3)
DA:1,1
DA:2,1
DA:4,1
DA:5,0
DA:6,0
DA:7,0
DA:8,0
DA:9,0
DA:10,0
DA:13,1
DA:14,4
DA:15,4
DA:16,4
DA:17,4
DA:18,2
DA:19,2
DA:20,1
DA:21,1
DA:22,1
DA:23,1
DA:26,3
DA:30,1
DA:31,4
DA:32,4
DA:33,4
DA:34,4
DA:35,3
DA:38,1
DA:42,1
LF:29
LH:23
BRDA:32,0,0,1
BRDA:32,0,1,3
BRF:2
BRH:2
end_of_record
TN:
SF:/Users/fh/whats-next/server/controllers/trackingController.js
FN:5,(anonymous_0)
FN:19,(anonymous_1)
FN:27,(anonymous_2)
FN:43,(anonymous_3)
FNF:4
FNH:4
FNDA:3,(anonymous_0)
FNDA:4,(anonymous_1)
FNDA:5,(anonymous_2)
FNDA:2,(anonymous_3)
DA:1,1
DA:2,1
DA:3,1
DA:5,1
DA:6,3
DA:7,3
DA:8,3
DA:9,3
DA:10,3
DA:11,1
DA:12,1
DA:14,2
DA:19,1
DA:20,4
DA:21,4
DA:22,4
DA:23,4
DA:27,1
DA:28,5
DA:29,5
DA:30,5
DA:31,5
DA:32,5
DA:33,1
DA:34,1
DA:37,4
DA:43,1
DA:44,2
DA:45,2
DA:46,2
DA:48,2
DA:49,2
DA:50,1
DA:51,1
DA:54,1
DA:58,1
LF:36
LH:36
BRF:0
BRH:0
end_of_record
TN:
SF:/Users/fh/whats-next/server/controllers/usersController.js
FN:8,(anonymous_0)
FN:17,(anonymous_1)
FN:67,(anonymous_2)
FN:107,(anonymous_3)
FNF:4
FNH:4
FNDA:1,(anonymous_0)
FNDA:14,(anonymous_1)
FNDA:3,(anonymous_2)
FNDA:4,(anonymous_3)
DA:1,1
DA:2,1
DA:3,1
DA:4,1
DA:5,1
DA:6,1
DA:8,1
DA:9,1
DA:17,1
DA:23,14
DA:25,11
DA:28,11
DA:29,4
DA:32,4
DA:34,7
DA:35,7
DA:36,2
DA:39,2
DA:41,5
DA:42,5
DA:44,0
DA:46,5
DA:47,5
DA:48,5
DA:55,3
DA:62,2
DA:67,1
DA:74,3
DA:76,3
DA:77,3
DA:78,3
DA:80,3
DA:81,3
DA:82,3
DA:90,3
DA:97,0
DA:98,0
DA:101,0
DA:107,1
DA:115,4
DA:117,4
DA:118,1
DA:121,1
DA:124,3
DA:125,3
DA:126,0
DA:127,0
DA:130,3
DA:131,3
DA:133,3
DA:134,2
DA:137,2
DA:139,1
DA:140,1
DA:141,1
DA:142,1
DA:149,0
DA:153,1
DA:155,0
DA:156,0
DA:159,0
DA:163,1
LF:62
LH:52
BRDA:21,0,0,13
BRDA:23,1,0,3
BRDA:23,1,1,11
BRDA:28,2,0,4
BRDA:28,2,1,7
BRDA:28,3,0,11
BRDA:28,3,1,9
BRDA:28,3,2,8
BRDA:35,4,0,2
BRDA:35,4,1,5
BRDA:71,5,0,2
BRDA:80,6,0,3
BRDA:80,6,1,0
BRDA:111,7,0,4
BRDA:115,8,0,0
BRDA:115,8,1,4
BRDA:117,9,0,1
BRDA:117,9,1,3
BRDA:125,10,0,0
BRDA:125,10,1,3
BRDA:125,11,0,3
BRDA:125,11,1,0
BRDA:133,12,0,2
BRDA:133,12,1,1
BRDA:141,13,0,1
BRDA:141,13,1,0
BRF:26
BRH:21
end_of_record
TN:
SF:/Users/fh/whats-next/server/middlewares/authMiddleware.js
FN:3,(anonymous_0)
FNF:1
FNH:1
FNDA:21,(anonymous_0)
DA:1,1
DA:3,1
DA:5,21
DA:6,1
DA:9,1
DA:12,20
DA:14,20
DA:15,20
DA:16,20
DA:17,16
DA:20,4
DA:23,4
DA:27,16
DA:28,0
DA:31,0
DA:34,16
DA:38,1
LF:17
LH:15
BRDA:5,0,0,1
BRDA:5,0,1,20
BRDA:14,1,0,20
BRDA:14,1,1,0
BRDA:27,2,0,0
BRDA:27,2,1,16
BRF:6
BRH:4
end_of_record
TN:
SF:/Users/fh/whats-next/server/middlewares/thirdPartyAuthentication.js
FN:6,(anonymous_0)
FNF:1
FNH:1
FNDA:3,(anonymous_0)
DA:1,1
DA:2,1
DA:3,1
DA:4,1
DA:6,1
DA:7,3
DA:8,3
DA:9,3
DA:12,3
DA:14,3
DA:20,1
LF:11
LH:11
BRF:0
BRH:0
end_of_record
TN:
SF:/Users/fh/whats-next/server/mock_tests/mock.js
FN:8,(anonymous_0)
FN:25,(anonymous_1)
FN:40,(anonymous_2)
FN:41,(anonymous_3)
FNF:4
FNH:4
FNDA:4,(anonymous_0)
FNDA:1,(anonymous_1)
FNDA:2,(anonymous_2)
FNDA:4,(anonymous_3)
DA:1,1
DA:3,1
DA:8,1
DA:9,4
DA:25,1
DA:26,1
DA:40,1
DA:41,2
DA:42,4
DA:43,2
DA:61,1
LF:11
LH:11
BRDA:42,0,0,2
BRDA:42,0,1,2
BRF:2
BRH:2
end_of_record
TN:
SF:/Users/fh/whats-next/server/models/followModel.js
FN:4,(anonymous_0)
FN:27,(anonymous_1)
FN:33,(anonymous_2)
FN:36,(anonymous_3)
FN:42,(anonymous_4)
FN:45,(anonymous_5)
FN:47,(anonymous_6)
FNF:7
FNH:7
FNDA:9,(anonymous_0)
FNDA:1,(anonymous_1)
FNDA:1,(anonymous_2)
FNDA:1,(anonymous_3)
FNDA:1,(anonymous_4)
FNDA:3,(anonymous_5)
FNDA:3,(anonymous_6)
DA:1,1
DA:2,1
DA:4,1
DA:5,9
DA:11,9
DA:12,1
DA:13,1
DA:20,8
DA:27,1
DA:28,1
DA:33,1
DA:36,1
DA:37,1
DA:42,1
DA:45,1
DA:46,3
DA:47,3
DA:48,3
DA:51,1
LF:19
LH:19
BRDA:11,0,0,1
BRDA:11,0,1,8
BRF:2
BRH:2
end_of_record
TN:
SF:/Users/fh/whats-next/server/models/showModel.js
FN:6,(anonymous_0)
FN:13,(anonymous_1)
FN:18,(anonymous_2)
FN:21,(anonymous_3)
FN:41,(anonymous_4)
FN:43,(anonymous_5)
FN:57,(anonymous_6)
FN:63,(anonymous_7)
FN:69,getShowForUser
FN:85,completeInfo
FN:93,createOrUpdateShow
FN:100,(anonymous_11)
FN:104,completeInfo
FN:112,createShow
FN:126,(anonymous_14)
FN:127,(anonymous_15)
FN:140,(anonymous_16)
FN:145,updateShowInfo
FN:152,(anonymous_18)
FN:153,(anonymous_19)
FN:162,(anonymous_20)
FN:166,(anonymous_21)
FN:171,(anonymous_22)
FN:175,createRelatedShows
FN:177,(anonymous_24)
FN:190,searchShows
FN:193,(anonymous_26)
FN:196,(anonymous_27)
FN:198,(anonymous_28)
FN:199,(anonymous_29)
FNF:30
FNH:25
FNDA:0,(anonymous_0)
FNDA:4,(anonymous_1)
FNDA:8,(anonymous_2)
FNDA:0,(anonymous_3)
FNDA:0,(anonymous_4)
FNDA:0,(anonymous_5)
FNDA:2,(anonymous_6)
FNDA:1,(anonymous_7)
FNDA:9,getShowForUser
FNDA:0,completeInfo
FNDA:8,createOrUpdateShow
FNDA:7,(anonymous_11)
FNDA:3,completeInfo
FNDA:5,createShow
FNDA:22,(anonymous_14)
FNDA:22,(anonymous_15)
FNDA:2,(anonymous_16)
FNDA:1,updateShowInfo
FNDA:2,(anonymous_18)
FNDA:2,(anonymous_19)
FNDA:1,(anonymous_20)
FNDA:2,(anonymous_21)
FNDA:2,(anonymous_22)
FNDA:2,createRelatedShows
FNDA:4,(anonymous_24)
FNDA:4,searchShows
FNDA:24,(anonymous_26)
FNDA:4,(anonymous_27)
FNDA:4,(anonymous_28)
FNDA:4,(anonymous_29)
DA:1,1
DA:2,1
DA:3,1
DA:4,1
DA:6,1
DA:7,0
DA:13,1
DA:14,4
DA:17,4
DA:18,8
DA:21,1
DA:22,0
DA:41,1
DA:42,0
DA:44,0
DA:51,0
DA:52,0
DA:57,1
DA:58,2
DA:63,1
DA:64,1
DA:69,1
DA:70,9
DA:85,1
DA:86,0
DA:93,1
DA:94,8
DA:95,6
DA:96,3
DA:97,2
DA:100,1
DA:101,7
DA:104,1
DA:105,3
DA:112,1
DA:113,5
DA:114,5
DA:115,2
DA:117,2
DA:118,2
DA:126,22
DA:127,22
DA:130,2
DA:131,2
DA:132,0
DA:133,0
DA:135,2
DA:137,3
DA:140,1
DA:141,2
DA:145,1
DA:146,1
DA:147,1
DA:148,1
DA:149,1
DA:150,1
DA:152,2
DA:153,2
DA:155,1
DA:156,1
DA:157,1
DA:158,1
DA:159,1
DA:162,1
DA:163,1
DA:166,1
DA:167,2
DA:168,2
DA:171,2
DA:176,2
DA:178,4
DA:179,4
DA:180,2
DA:190,1
DA:191,4
DA:192,4
DA:193,24
DA:196,1
DA:197,4
DA:198,4
DA:199,4
DA:200,4
DA:203,1
LF:83
LH:74
BRDA:87,0,0,0
BRDA:87,0,1,0
BRDA:87,0,2,0
BRDA:93,1,0,5
BRDA:93,2,0,6
BRDA:95,3,0,3
BRDA:95,3,1,3
BRDA:96,4,0,1
BRDA:96,4,1,2
BRDA:106,5,0,3
BRDA:106,5,1,3
BRDA:106,5,2,2
BRDA:112,6,0,0
BRDA:112,7,0,0
BRDA:112,8,0,5
BRDA:114,9,0,2
BRDA:114,9,1,3
BRDA:114,10,0,5
BRDA:114,10,1,3
BRDA:115,11,0,2
BRDA:115,11,1,2
BRDA:115,11,2,0
BRDA:117,12,0,2
BRDA:117,12,1,2
BRDA:117,12,2,0
BRDA:131,13,0,0
BRDA:131,13,1,2
BRDA:145,14,0,0
BRDA:145,15,0,1
BRDA:145,16,0,1
BRDA:148,17,0,1
BRDA:148,17,1,1
BRDA:148,17,2,0
BRDA:149,18,0,1
BRDA:149,18,1,1
BRDA:149,18,2,0
BRDA:179,19,0,2
BRDA:179,19,1,2
BRDA:190,20,0,4
BRF:39
BRH:28
end_of_record
TN:
SF:/Users/fh/whats-next/server/models/trackingModel.js
FN:5,(anonymous_0)
FN:9,(anonymous_1)
FN:13,(anonymous_2)
FN:16,(anonymous_3)
FN:20,(anonymous_4)
FN:24,(anonymous_5)
FN:27,(anonymous_6)
FN:31,(anonymous_7)
FN:35,(anonymous_8)
FN:38,(anonymous_9)
FNF:10
FNH:9
FNDA:5,(anonymous_0)
FNDA:1,(anonymous_1)
FNDA:1,(anonymous_2)
FNDA:3,(anonymous_3)
FNDA:2,(anonymous_4)
FNDA:2,(anonymous_5)
FNDA:2,(anonymous_6)
FNDA:1,(anonymous_7)
FNDA:1,(anonymous_8)
FNDA:0,(anonymous_9)
DA:1,1
DA:2,1
DA:5,1
DA:6,5
DA:10,1
DA:11,1
DA:13,1
DA:16,1
DA:17,3
DA:21,2
DA:22,2
DA:24,2
DA:27,1
DA:28,2
DA:32,1
DA:33,1
DA:35,1
DA:38,1
DA:39,0
DA:42,1
LF:20
LH:19
BRF:0
BRH:0
end_of_record
TN:
SF:/Users/fh/whats-next/server/models/userModel.js
FN:5,(anonymous_0)
FN:23,(anonymous_1)
FN:32,(anonymous_2)
FN:41,(anonymous_3)
FN:54,(anonymous_4)
FN:84,(anonymous_5)
FN:92,(anonymous_6)
FNF:7
FNH:6
FNDA:0,(anonymous_0)
FNDA:10,(anonymous_1)
FNDA:20,(anonymous_2)
FNDA:5,(anonymous_3)
FNDA:3,(anonymous_4)
FNDA:3,(anonymous_5)
FNDA:3,(anonymous_6)
DA:1,1
DA:2,1
DA:3,1
DA:5,1
DA:6,0
DA:20,0
DA:23,1
DA:24,10
DA:29,10
DA:32,1
DA:33,20
DA:38,20
DA:41,1
DA:42,5
DA:43,1
DA:45,5
DA:54,1
DA:62,3
DA:63,0
DA:65,3
DA:70,3
DA:72,3
DA:85,3
DA:86,3
DA:87,3
DA:88,3
DA:89,3
DA:90,3
DA:92,3
DA:95,1
LF:30
LH:27
BRDA:42,0,0,1
BRDA:42,0,1,4
BRDA:62,1,0,0
BRDA:62,1,1,3
BRF:4
BRH:3
end_of_record
TN:
SF:/Users/fh/whats-next/server/schemas/follow.js
FN:2,(anonymous_0)
FN:23,(anonymous_1)
FNF:2
FNH:2
FNDA:1,(anonymous_0)
FNDA:1,(anonymous_1)
DA:2,1
DA:3,1
DA:23,1
DA:24,1
DA:25,1
DA:27,1
LF:6
LH:6
BRF:0
BRH:0
end_of_record
TN:
SF:/Users/fh/whats-next/server/schemas/genre.js
FN:2,(anonymous_0)
FNF:1
FNH:1
FNDA:1,(anonymous_0)
DA:2,1
DA:3,1
DA:16,1
LF:3
LH:3
BRF:0
BRH:0
end_of_record
TN:
SF:/Users/fh/whats-next/server/schemas/index.js
FN:27,(anonymous_0)
FN:32,(anonymous_1)
FN:37,(anonymous_2)
FNF:3
FNH:3
FNDA:6,(anonymous_0)
FNDA:5,(anonymous_1)
FNDA:5,(anonymous_2)
DA:3,1
DA:4,1
DA:5,1
DA:6,1
DA:7,1
DA:8,1
DA:9,1
DA:13,1
DA:14,0
DA:16,1
DA:26,1
DA:28,6
DA:33,5
DA:34,5
DA:37,1
DA:38,5
DA:39,4
DA:43,1
DA:44,1
DA:46,1
LF:20
LH:19
BRDA:7,0,0,1
BRDA:7,0,1,0
BRDA:13,1,0,0
BRDA:13,1,1,1
BRDA:29,2,0,6
BRDA:29,2,1,6
BRDA:29,2,2,5
BRDA:38,3,0,4
BRDA:38,3,1,1
BRF:9
BRH:7
end_of_record
TN:
SF:/Users/fh/whats-next/server/schemas/show.js
FN:2,(anonymous_0)
FN:19,(anonymous_1)
FNF:2
FNH:2
FNDA:1,(anonymous_0)
FNDA:1,(anonymous_1)
DA:2,1
DA:3,1
DA:19,1
DA:20,1
DA:21,1
DA:27,1
LF:6
LH:6
BRF:0
BRH:0
end_of_record
TN:
SF:/Users/fh/whats-next/server/schemas/tracking.js
FN:2,(anonymous_0)
FN:21,(anonymous_1)
FNF:2
FNH:2
FNDA:1,(anonymous_0)
FNDA:1,(anonymous_1)
DA:2,1
DA:3,1
DA:21,1
DA:22,1
DA:23,1
DA:25,1
LF:6
LH:6
BRF:0
BRH:0
end_of_record
TN:
SF:/Users/fh/whats-next/server/schemas/user.js
FN:4,(anonymous_0)
FN:39,(anonymous_1)
FNF:2
FNH:2
FNDA:1,(anonymous_0)
FNDA:1,(anonymous_1)
DA:2,1
DA:4,1
DA:5,1
DA:39,1
DA:40,1
DA:41,1
DA:46,1
DA:51,1
DA:57,1
LF:9
LH:9
BRF:0
BRH:0
end_of_record
TN:
SF:/Users/fh/whats-next/server/testSeeding/trackingSeeders.js
FN:3,(anonymous_0)
FN:49,(anonymous_1)
FN:71,(anonymous_2)
FN:74,(anonymous_3)
FN:77,(anonymous_4)
FN:80,(anonymous_5)
FNF:6
FNH:6
FNDA:21,(anonymous_0)
FNDA:32,(anonymous_1)
FNDA:38,(anonymous_2)
FNDA:64,(anonymous_3)
FNDA:19,(anonymous_4)
FNDA:8,(anonymous_5)
DA:2,1
DA:4,21
DA:50,32
DA:72,38
DA:75,64
DA:78,19
DA:81,8
LF:7
LH:7
BRF:0
BRH:0
end_of_record
